2025-03-04 20:07:22,744 [INFO] Activator:176 - 


2025-03-04 20:07:22,752 [INFO] Activator:177 - !SESSION log4j initialized
2025-03-04 20:07:32,516 [INFO] LogOutputStream:77 - [STDOUT_REDIRECT] 
2025-03-04 20:07:35,552 [INFO] ApplicationProperties:184 - Using Application install path: C:\ST\STM32CubeIDE_1.16.1\STM32CubeIDE\plugins\com.st.stm32cube.common.mx_6.13.0.202411220809
2025-03-04 20:07:35,584 [INFO] DbMcusXml:78 - Set database path to: C:\ST\STM32CubeIDE_1.16.1\STM32CubeIDE\plugins\com.st.stm32cube.common.mx_6.13.0.202411220809\\db\/mcu/
2025-03-04 20:07:35,585 [INFO] ApiDb:274 - Set plugin database path to: C:\ST\STM32CubeIDE_1.16.1\STM32CubeIDE\plugins\com.st.stm32cube.common.mx_6.13.0.202411220809\\db\/plugins/boardmanager/
2025-03-04 20:07:35,585 [WARN] ApiDb:259 - Overriding images path with different value:  => C:\ST\STM32CubeIDE_1.16.1\STM32CubeIDE\plugins\com.st.stm32cube.common.mx_6.13.0.202411220809\\db\/plugins/mcufinder/images/
2025-03-04 20:07:35,599 [INFO] ApiDb:250 - Set database path to: C:\Users\corre\.stmcufinder\plugins\mcufinder//mcu/
2025-03-04 20:07:35,601 [INFO] DbMcusAds:125 - Set database path to: C:\Users\corre\.stmcufinder\plugins\mcufinder//mcu/
2025-03-04 20:07:35,604 [INFO] CrossReferenceDbSqlite:203 - Set database path to: C:\Users\corre\.stmcufinder\plugins\mcufinder//mcu/cs/
2025-03-04 20:07:35,810 [INFO] RulesReader:64 - Compatibility file has been processed (297 Rules)
2025-03-04 20:07:35,994 [INFO] DbMcusXml:78 - Set database path to: C:\ST\STM32CubeIDE_1.16.1\STM32CubeIDE\plugins\com.st.stm32cube.common.mx_6.13.0.202411220809\\db\/mcu/
2025-03-04 20:07:35,994 [INFO] ApiDb:274 - Set plugin database path to: C:\ST\STM32CubeIDE_1.16.1\STM32CubeIDE\plugins\com.st.stm32cube.common.mx_6.13.0.202411220809\\db\/plugins/boardmanager/
2025-03-04 20:07:35,996 [INFO] ApiDb:261 - Set plugin images path to: C:\ST\STM32CubeIDE_1.16.1\STM32CubeIDE\plugins\com.st.stm32cube.common.mx_6.13.0.202411220809\\db\/plugins/mcufinder/images/
2025-03-04 20:07:35,996 [WARN] DbFile:41 - Overriding database path with different value: C:\Users\corre\.stmcufinder\plugins\mcufinder/ => C:\Users\corre\.stmcufinder\plugins\mcufinder
2025-03-04 20:07:35,996 [INFO] ApiDb:250 - Set database path to: C:\Users\corre\.stmcufinder\plugins\mcufinder//mcu/
2025-03-04 20:07:35,996 [WARN] DbFile:41 - Overriding database path with different value: C:\Users\corre\.stmcufinder\plugins\mcufinder/ => C:\Users\corre\.stmcufinder\plugins\mcufinder
2025-03-04 20:07:35,997 [INFO] DbMcusAds:125 - Set database path to: C:\Users\corre\.stmcufinder\plugins\mcufinder//mcu/
2025-03-04 20:07:35,997 [WARN] DbFile:41 - Overriding database path with different value: C:\Users\corre\.stmcufinder\plugins\mcufinder/ => C:\Users\corre\.stmcufinder\plugins\mcufinder
2025-03-04 20:07:35,997 [WARN] DbFile:41 - Overriding database path with different value: C:\Users\corre\.stmcufinder\plugins\mcufinder/ => C:\Users\corre\.stmcufinder\plugins\mcufinder
2025-03-04 20:07:35,997 [INFO] CrossReferenceDbSqlite:203 - Set database path to: C:\Users\corre\.stmcufinder\plugins\mcufinder//mcu/cs/
2025-03-04 20:07:36,138 [INFO] MainPanel:272 - HeapMemory: 268435456
2025-03-04 20:07:36,353 [INFO] DbMcusXml:78 - Set database path to: C:\ST\STM32CubeIDE_1.16.1\STM32CubeIDE\plugins\com.st.stm32cube.common.mx_6.13.0.202411220809\\db\/mcu/
2025-03-04 20:07:36,353 [INFO] ApiDb:274 - Set plugin database path to: C:\ST\STM32CubeIDE_1.16.1\STM32CubeIDE\plugins\com.st.stm32cube.common.mx_6.13.0.202411220809\\db\/plugins/boardmanager/
2025-03-04 20:07:36,354 [INFO] ApiDb:261 - Set plugin images path to: C:\ST\STM32CubeIDE_1.16.1\STM32CubeIDE\plugins\com.st.stm32cube.common.mx_6.13.0.202411220809\\db\/plugins/mcufinder/images/
2025-03-04 20:07:36,354 [WARN] DbFile:41 - Overriding database path with different value: C:\Users\corre\.stmcufinder\plugins\mcufinder/ => C:\Users\corre\.stmcufinder\plugins\mcufinder
2025-03-04 20:07:36,354 [INFO] ApiDb:250 - Set database path to: C:\Users\corre\.stmcufinder\plugins\mcufinder//mcu/
2025-03-04 20:07:36,354 [WARN] DbFile:41 - Overriding database path with different value: C:\Users\corre\.stmcufinder\plugins\mcufinder/ => C:\Users\corre\.stmcufinder\plugins\mcufinder
2025-03-04 20:07:36,354 [INFO] DbMcusAds:125 - Set database path to: C:\Users\corre\.stmcufinder\plugins\mcufinder//mcu/
2025-03-04 20:07:36,354 [WARN] DbFile:41 - Overriding database path with different value: C:\Users\corre\.stmcufinder\plugins\mcufinder/ => C:\Users\corre\.stmcufinder\plugins\mcufinder
2025-03-04 20:07:36,355 [WARN] DbFile:41 - Overriding database path with different value: C:\Users\corre\.stmcufinder\plugins\mcufinder/ => C:\Users\corre\.stmcufinder\plugins\mcufinder
2025-03-04 20:07:36,355 [INFO] CrossReferenceDbSqlite:203 - Set database path to: C:\Users\corre\.stmcufinder\plugins\mcufinder//mcu/cs/
2025-03-04 20:07:36,388 [INFO] ApplicationProperties:184 - Using Application install path: C:\ST\STM32CubeIDE_1.16.1\STM32CubeIDE\plugins\com.st.stm32cube.common.mx_6.13.0.202411220809
2025-03-04 20:07:36,391 [INFO] PluginManage:196 - Search for loadable plugins [exclusion list=, ]
2025-03-04 20:07:36,394 [INFO] PluginManage:310 - Check plugin analytics
2025-03-04 20:07:36,724 [INFO] AnalyticsPlugin:253 - Accepted Software Licenses: 
2025-03-04 20:07:36,725 [INFO] AnalyticsPlugin:255 - Accepted CMSIS Pack Licenses: 
2025-03-04 20:07:36,726 [INFO] AnalyticsPlugin:257 - Accepted Firmware Licenses: 
2025-03-04 20:07:36,730 [INFO] PluginManage:359 - Loaded plugin analytics (category:tool,tabindex:-1)
2025-03-04 20:07:36,731 [INFO] PluginManage:310 - Check plugin cadmodel
2025-03-04 20:07:36,763 [INFO] CADModel:105 - Init CAD model plugin
2025-03-04 20:07:36,763 [INFO] PluginManage:359 - Loaded plugin cadmodel (category:power,tabindex:5)
2025-03-04 20:07:36,764 [INFO] PluginManage:310 - Check plugin clock
2025-03-04 20:07:36,794 [INFO] PluginManage:359 - Loaded plugin clock (category:base,tabindex:2)
2025-03-04 20:07:36,794 [INFO] PluginManage:310 - Check plugin ddr
2025-03-04 20:07:36,797 [INFO] PluginManage:359 - Loaded plugin ddr (category:tool,tabindex:6)
2025-03-04 20:07:36,798 [INFO] PluginManage:310 - Check plugin filemanager
2025-03-04 20:07:37,030 [INFO] PluginManage:359 - Loaded plugin filemanager (category:base,tabindex:10)
2025-03-04 20:07:37,031 [INFO] PluginManage:310 - Check plugin ipmanager
2025-03-04 20:07:37,044 [INFO] PluginManage:359 - Loaded plugin ipmanager (category:base,tabindex:5)
2025-03-04 20:07:37,044 [INFO] PluginManage:310 - Check plugin lpbam
2025-03-04 20:07:37,089 [INFO] PluginManage:359 - Loaded plugin lpbam (category:base,tabindex:0)
2025-03-04 20:07:37,089 [INFO] PluginManage:310 - Check plugin memorymap
2025-03-04 20:07:37,137 [INFO] PluginManage:359 - Loaded plugin memorymap (category:base,tabindex:4)
2025-03-04 20:07:37,138 [INFO] PluginManage:310 - Check plugin pinoutandconfiguration
2025-03-04 20:07:37,170 [INFO] PluginManage:359 - Loaded plugin pinoutandconfiguration (category:base,tabindex:1)
2025-03-04 20:07:37,170 [INFO] PluginManage:310 - Check plugin pinoutconfig
2025-03-04 20:07:37,348 [WARN] SupportedApi:132 - Cannot load RTOS API schema: s4s-elt-must-match.1: The content of 'definitions' must match (annotation?, (simpleType | complexType)?, (unique | key | keyref)*)). A problem was found starting at: attribute.
2025-03-04 20:07:37,568 [INFO] PluginManage:359 - Loaded plugin pinoutconfig (category:base,tabindex:0)
2025-03-04 20:07:37,568 [INFO] PluginManage:310 - Check plugin power
2025-03-04 20:07:37,611 [INFO] PluginManage:359 - Loaded plugin power (category:power,tabindex:4)
2025-03-04 20:07:37,612 [INFO] PluginManage:310 - Check plugin projectmanager
2025-03-04 20:07:37,637 [INFO] PluginManage:359 - Loaded plugin projectmanager (category:projectmanager,tabindex:4)
2025-03-04 20:07:37,638 [INFO] PluginManage:310 - Check plugin rif
2025-03-04 20:07:37,666 [INFO] PluginManage:359 - Loaded plugin rif (category:base,tabindex:3)
2025-03-04 20:07:37,666 [INFO] PluginManage:310 - Check plugin thirdparty
2025-03-04 20:07:38,171 [WARN] IntegrityCheckThread:84 - waiting for thirdparty lock release [integrity check]
2025-03-04 20:07:38,172 [INFO] PluginManage:359 - Loaded plugin thirdparty (category:base,tabindex:-1)
2025-03-04 20:07:38,172 [INFO] IntegrityCheckThread:86 - entering critical section [integrity check]
2025-03-04 20:07:38,172 [INFO] PluginManage:310 - Check plugin tools
2025-03-04 20:07:38,173 [INFO] ThirdPartyUpdaterWithRetryManager:70 - Updater plugin not ready yet. [1/15]
2025-03-04 20:07:38,228 [INFO] PluginManage:359 - Loaded plugin tools (category:base,tabindex:7)
2025-03-04 20:07:38,228 [INFO] PluginManage:310 - Check plugin tutovideos
2025-03-04 20:07:38,662 [INFO] PluginManage:359 - Loaded plugin tutovideos (category:base,tabindex:-1)
2025-03-04 20:07:38,663 [INFO] PluginManage:310 - Check plugin updater
2025-03-04 20:07:38,706 [INFO] PluginManage:359 - Loaded plugin updater (category:base,tabindex:12)
2025-03-04 20:07:38,706 [INFO] PluginManage:310 - Check plugin userauth
2025-03-04 20:07:38,713 [INFO] UserAuth:118 - Init User Auth plugin
2025-03-04 20:07:38,714 [INFO] PluginManage:359 - Loaded plugin userauth (category:base,tabindex:14)
2025-03-04 20:07:38,715 [INFO] PluginManage:283 - PluginManage : Loaded plugins [18]
2025-03-04 20:07:39,070 [INFO] PinOutPanel:1589 - setPackage(No Configuration,No Configuration)
2025-03-04 20:07:39,214 [INFO] CADModel:165 - CPN selected for project level
2025-03-04 20:07:39,214 [INFO] CADModel:114 - Register for checkConnection events
2025-03-04 20:07:39,279 [INFO] IPUIPlugin:80 - create IPUIPlugin
2025-03-04 20:07:39,280 [INFO] PluginManager:220 - loadIPPluginJar : add adc
2025-03-04 20:07:39,350 [INFO] IPUIPlugin:80 - create IPUIPlugin
2025-03-04 20:07:39,350 [INFO] PluginManager:220 - loadIPPluginJar : add aes
2025-03-04 20:07:39,415 [INFO] IPUIPlugin:80 - create IPUIPlugin
2025-03-04 20:07:39,415 [INFO] PluginManager:220 - loadIPPluginJar : add can
2025-03-04 20:07:39,460 [INFO] IPUIPlugin:80 - create IPUIPlugin
2025-03-04 20:07:39,461 [INFO] PluginManager:220 - loadIPPluginJar : add comp
2025-03-04 20:07:39,520 [INFO] IPUIPlugin:80 - create IPUIPlugin
2025-03-04 20:07:39,520 [INFO] PluginManager:220 - loadIPPluginJar : add cryp
2025-03-04 20:07:39,545 [INFO] IPUIPlugin:80 - create IPUIPlugin
2025-03-04 20:07:39,545 [INFO] PluginManager:220 - loadIPPluginJar : add ddr_ctrl_phy
2025-03-04 20:07:39,603 [INFO] IPUIPlugin:80 - create IPUIPlugin
2025-03-04 20:07:39,604 [INFO] PluginManager:220 - loadIPPluginJar : add dfsdm
2025-03-04 20:07:39,639 [INFO] IPUIPlugin:80 - create IPUIPlugin
2025-03-04 20:07:39,640 [INFO] PluginManager:220 - loadIPPluginJar : add dma
2025-03-04 20:07:39,708 [INFO] IPUIPlugin:80 - create IPUIPlugin
2025-03-04 20:07:39,708 [INFO] PluginManager:220 - loadIPPluginJar : add dma3
2025-03-04 20:07:39,784 [INFO] IPUIPlugin:80 - create IPUIPlugin
2025-03-04 20:07:39,784 [INFO] PluginManager:220 - loadIPPluginJar : add extmemmanager
2025-03-04 20:07:39,826 [INFO] IPUIPlugin:80 - create IPUIPlugin
2025-03-04 20:07:39,826 [INFO] PluginManager:220 - loadIPPluginJar : add fatfs
2025-03-04 20:07:39,933 [INFO] IPUIPlugin:80 - create IPUIPlugin
2025-03-04 20:07:39,933 [INFO] PluginManager:220 - loadIPPluginJar : add fmc
2025-03-04 20:07:39,968 [INFO] IPUIPlugin:80 - create IPUIPlugin
2025-03-04 20:07:39,969 [INFO] PluginManager:220 - loadIPPluginJar : add freertos
2025-03-04 20:07:40,011 [INFO] IPUIPlugin:80 - create IPUIPlugin
2025-03-04 20:07:40,011 [INFO] PluginManager:220 - loadIPPluginJar : add genericplugin
2025-03-04 20:07:40,169 [INFO] IPUIPlugin:80 - create IPUIPlugin
2025-03-04 20:07:40,169 [INFO] PluginManager:220 - loadIPPluginJar : add gfxmmu
2025-03-04 20:07:40,409 [INFO] IPUIPlugin:80 - create IPUIPlugin
2025-03-04 20:07:40,410 [INFO] PluginManager:220 - loadIPPluginJar : add gic
2025-03-04 20:07:40,440 [INFO] IPUIPlugin:80 - create IPUIPlugin
2025-03-04 20:07:40,440 [INFO] PluginManager:220 - loadIPPluginJar : add gpio
2025-03-04 20:07:40,585 [INFO] IPUIPlugin:80 - create IPUIPlugin
2025-03-04 20:07:40,585 [INFO] PluginManager:220 - loadIPPluginJar : add gtzc
2025-03-04 20:07:40,639 [INFO] IPUIPlugin:80 - create IPUIPlugin
2025-03-04 20:07:40,640 [INFO] PluginManager:220 - loadIPPluginJar : add hash
2025-03-04 20:07:40,736 [INFO] IPUIPlugin:80 - create IPUIPlugin
2025-03-04 20:07:40,736 [INFO] PluginManager:220 - loadIPPluginJar : add i2c
2025-03-04 20:07:40,808 [INFO] IPUIPlugin:80 - create IPUIPlugin
2025-03-04 20:07:40,809 [INFO] PluginManager:220 - loadIPPluginJar : add i2s
2025-03-04 20:07:40,893 [INFO] IPUIPlugin:80 - create IPUIPlugin
2025-03-04 20:07:40,893 [INFO] PluginManager:220 - loadIPPluginJar : add i3c
2025-03-04 20:07:41,057 [INFO] IPUIPlugin:80 - create IPUIPlugin
2025-03-04 20:07:41,057 [INFO] PluginManager:220 - loadIPPluginJar : add ipddr
2025-03-04 20:07:41,175 [INFO] ThirdPartyUpdaterWithRetryManager:70 - Updater plugin not ready yet. [2/15]
2025-03-04 20:07:41,215 [INFO] IPUIPlugin:80 - create IPUIPlugin
2025-03-04 20:07:41,216 [INFO] PluginManager:220 - loadIPPluginJar : add linkedlist
2025-03-04 20:07:41,282 [INFO] IPUIPlugin:80 - create IPUIPlugin
2025-03-04 20:07:41,283 [INFO] PluginManager:220 - loadIPPluginJar : add lorawan
2025-03-04 20:07:41,343 [INFO] IPUIPlugin:80 - create IPUIPlugin
2025-03-04 20:07:41,344 [INFO] PluginManager:220 - loadIPPluginJar : add ltdc
2025-03-04 20:07:41,368 [INFO] IPUIPlugin:80 - create IPUIPlugin
2025-03-04 20:07:41,369 [INFO] PluginManager:220 - loadIPPluginJar : add mdma
2025-03-04 20:07:41,394 [INFO] IPUIPlugin:80 - create IPUIPlugin
2025-03-04 20:07:41,395 [INFO] PluginManager:220 - loadIPPluginJar : add nvic
2025-03-04 20:07:41,465 [INFO] IPUIPlugin:80 - create IPUIPlugin
2025-03-04 20:07:41,465 [INFO] PluginManager:220 - loadIPPluginJar : add opamp
2025-03-04 20:07:41,570 [INFO] IPUIPlugin:80 - create IPUIPlugin
2025-03-04 20:07:41,570 [INFO] PluginManager:220 - loadIPPluginJar : add openamp
2025-03-04 20:07:41,635 [INFO] IPUIPlugin:80 - create IPUIPlugin
2025-03-04 20:07:41,636 [INFO] PluginManager:220 - loadIPPluginJar : add pdm2pcm
2025-03-04 20:07:41,662 [INFO] IPUIPlugin:80 - create IPUIPlugin
2025-03-04 20:07:41,666 [INFO] PluginManager:220 - loadIPPluginJar : add plateformsettings
2025-03-04 20:07:41,704 [INFO] IPUIPlugin:80 - create IPUIPlugin
2025-03-04 20:07:41,704 [INFO] PluginManager:220 - loadIPPluginJar : add quadspi
2025-03-04 20:07:41,744 [INFO] IPUIPlugin:80 - create IPUIPlugin
2025-03-04 20:07:41,746 [INFO] PluginManager:220 - loadIPPluginJar : add radio
2025-03-04 20:07:41,772 [INFO] IPUIPlugin:80 - create IPUIPlugin
2025-03-04 20:07:41,772 [INFO] PluginManager:220 - loadIPPluginJar : add resmgrutility
2025-03-04 20:07:41,862 [INFO] IPUIPlugin:80 - create IPUIPlugin
2025-03-04 20:07:41,862 [INFO] PluginManager:220 - loadIPPluginJar : add sai
2025-03-04 20:07:41,945 [INFO] IPUIPlugin:80 - create IPUIPlugin
2025-03-04 20:07:41,945 [INFO] PluginManager:220 - loadIPPluginJar : add spi
2025-03-04 20:07:42,070 [INFO] IPUIPlugin:80 - create IPUIPlugin
2025-03-04 20:07:42,070 [INFO] PluginManager:220 - loadIPPluginJar : add stm32_wpan
2025-03-04 20:07:42,125 [INFO] IPUIPlugin:80 - create IPUIPlugin
2025-03-04 20:07:42,125 [INFO] PluginManager:220 - loadIPPluginJar : add tim
2025-03-04 20:07:42,233 [INFO] IPUIPlugin:80 - create IPUIPlugin
2025-03-04 20:07:42,233 [INFO] PluginManager:220 - loadIPPluginJar : add touchsensing
2025-03-04 20:07:42,292 [INFO] IPUIPlugin:80 - create IPUIPlugin
2025-03-04 20:07:42,293 [INFO] PluginManager:220 - loadIPPluginJar : add tracer_emb
2025-03-04 20:07:42,345 [INFO] IPUIPlugin:80 - create IPUIPlugin
2025-03-04 20:07:42,345 [INFO] PluginManager:220 - loadIPPluginJar : add ts
2025-03-04 20:07:42,396 [INFO] IPUIPlugin:80 - create IPUIPlugin
2025-03-04 20:07:42,397 [INFO] PluginManager:220 - loadIPPluginJar : add tsc
2025-03-04 20:07:42,448 [INFO] IPUIPlugin:80 - create IPUIPlugin
2025-03-04 20:07:42,449 [INFO] PluginManager:220 - loadIPPluginJar : add ucpd
2025-03-04 20:07:42,537 [INFO] IPUIPlugin:80 - create IPUIPlugin
2025-03-04 20:07:42,538 [INFO] PluginManager:220 - loadIPPluginJar : add usart
2025-03-04 20:07:42,605 [INFO] IPUIPlugin:80 - create IPUIPlugin
2025-03-04 20:07:42,606 [INFO] PluginManager:220 - loadIPPluginJar : add usbx
2025-03-04 20:07:42,761 [FATAL] Updater:351 - Updater called before beeing initialized
2025-03-04 20:07:42,826 [INFO] RulesReader:64 - Compatibility file has been processed (297 Rules)
2025-03-04 20:07:42,858 [INFO] RulesReader:64 - Compatibility file has been processed (297 Rules)
2025-03-04 20:07:42,893 [INFO] CADModel:165 - CPN selected for project level
2025-03-04 20:07:42,894 [INFO] CADModel:114 - Register for checkConnection events
2025-03-04 20:07:42,895 [FATAL] Updater:351 - Updater called before beeing initialized
2025-03-04 20:07:42,895 [ERROR] CADModel:125 - Updater not yet initialized, retry later 
2025-03-04 20:07:43,207 [FATAL] Updater:351 - Updater called before beeing initialized
2025-03-04 20:07:43,209 [INFO] CADModel:165 - CPN selected for project level
2025-03-04 20:07:43,209 [INFO] CADModel:114 - Register for checkConnection events
2025-03-04 20:07:43,209 [FATAL] Updater:351 - Updater called before beeing initialized
2025-03-04 20:07:43,209 [ERROR] CADModel:125 - Updater not yet initialized, retry later 
2025-03-04 20:07:43,214 [FATAL] Updater:351 - Updater called before beeing initialized
2025-03-04 20:07:43,372 [FATAL] Updater:351 - Updater called before beeing initialized
2025-03-04 20:07:43,394 [INFO] DbMcusAds:53 - JSON generation date=Tue Dec 17 11:01:15 EST 2024 (1734451275111)
2025-03-04 20:07:43,395 [FATAL] Updater:351 - Updater called before beeing initialized
2025-03-04 20:07:43,449 [WARN] DetailPanel:346 - Failed to get advertising image, set to default
2025-03-04 20:07:43,725 [FATAL] Updater:351 - Updater called before beeing initialized
2025-03-04 20:07:43,729 [FATAL] Updater:351 - Updater called before beeing initialized
2025-03-04 20:07:43,729 [FATAL] Updater:351 - Updater called before beeing initialized
2025-03-04 20:07:43,729 [WARN] DetailPanel:346 - Failed to get advertising image, set to default
2025-03-04 20:07:43,730 [FATAL] Updater:351 - Updater called before beeing initialized
2025-03-04 20:07:43,832 [ERROR] Updater:1198 - MainUpdater not yet initialized. External WinMGr cannot be set.
2025-03-04 20:07:43,849 [INFO] Updater:1134 - Updater Version found : 6.13.0
2025-03-04 20:07:43,884 [INFO] ApplicationProperties:184 - Using Application install path: C:\ST\STM32CubeIDE_1.16.1\STM32CubeIDE\plugins\com.st.stm32cube.common.mx_6.13.0.202411220809
2025-03-04 20:07:44,176 [INFO] ThirdPartyUpdaterWithRetryManager:70 - Updater plugin not ready yet. [3/15]
2025-03-04 20:07:45,496 [ERROR] LogOutputStream:75 - [STDERR_REDIRECT] Mar 04, 2025 8:07:45 PM java.util.prefs.WindowsPreferences <init>
2025-03-04 20:07:45,499 [ERROR] LogOutputStream:75 - [STDERR_REDIRECT] WARNING: Could not open/create prefs root node Software\JavaSoft\Prefs at root 0xffffffff80000002. Windows RegCreateKeyEx(...) returned error code 5.
2025-03-04 20:07:45,499 [ERROR] LogOutputStream:75 - [STDERR_REDIRECT] 
2025-03-04 20:07:46,320 [INFO] MainUpdater:2872 - connection check result : 10
2025-03-04 20:07:46,321 [INFO] MainUpdater:3566 - Updater definition file requires update
2025-03-04 20:07:46,323 [INFO] MainUpdater:289 - Updater Check For Update Now.
2025-03-04 20:07:46,323 [INFO] MicroXplorer:498 - Change Database Version : DB.6.0.130
2025-03-04 20:07:46,374 [INFO] McuFinderGlobals:63 - Set McuFinder mode to 2 (CubeIDE integrated)
2025-03-04 20:07:46,385 [INFO] UserAuth:486 - Internet connection configuration mode: 1
2025-03-04 20:07:46,445 [INFO] JxBrowserEngine:152 - Initiate JxBrowser Engine with user profile folder
2025-03-04 20:07:46,555 [INFO] ServerAccessManage:473 - Download File updaters.zip
2025-03-04 20:07:46,805 [INFO] FileExtend:240 - Unzip File : updaters.zip
2025-03-04 20:07:46,806 [INFO] FileExtend:255 - Standard Zip Deflate
2025-03-04 20:07:47,182 [WARN] MainUpdater:1193 - Updater busy. Cannot search thirdparties
2025-03-04 20:07:47,182 [INFO] ThirdPartyUpdaterWithRetryManager:96 - Updater plugin is busy. [1/15]
2025-03-04 20:07:47,802 [INFO] ServerAccessManage:473 - Download File PacksControlFlags.xml
2025-03-04 20:07:47,940 [INFO] ServerAccessManage:473 - Download File cubemx.pidx
2025-03-04 20:07:48,329 [INFO] ServerAccessManage:473 - Download File STMicroelectronics.FP-ATR-ASTRA1.pdsc
2025-03-04 20:07:49,240 [INFO] ServerAccessManage:473 - Download File STMicroelectronics.X-CUBE-BLE1.pdsc
2025-03-04 20:07:49,918 [INFO] WebApp:168 - Instantiating new browser for Auth
2025-03-04 20:07:50,184 [WARN] MainUpdater:1193 - Updater busy. Cannot search thirdparties
2025-03-04 20:07:50,184 [INFO] ThirdPartyUpdaterWithRetryManager:96 - Updater plugin is busy. [2/15]
2025-03-04 20:07:50,573 [ERROR] ServerAccessManage:1089 - Problem, file not found on Server
2025-03-04 20:07:53,185 [WARN] MainUpdater:1193 - Updater busy. Cannot search thirdparties
2025-03-04 20:07:53,185 [INFO] ThirdPartyUpdaterWithRetryManager:96 - Updater plugin is busy. [3/15]
2025-03-04 20:07:53,373 [INFO] CheckServerUpdateThread:120 - End of CheckServer Thread
2025-03-04 20:07:53,381 [WARN] PackLoader:240 - Cannot read IP mode file for STMicroelectronics.FP-ATR-ASTRA1.2.0.2
2025-03-04 20:07:53,412 [WARN] PackLoader:240 - Cannot read IP mode file for STMicroelectronics.X-CUBE-BLE1.7.1.0
2025-03-04 20:07:53,414 [INFO] PopulateThirdPartyThread:66 - Ending populate Thread
2025-03-04 20:07:53,417 [INFO] ThirdParty:1030 - CMSIS Pack Vendor :STMicroelectronics FP-ATR-ASTRA1 2.0.2
2025-03-04 20:07:53,417 [INFO] ThirdParty:1030 - CMSIS Pack Vendor :STMicroelectronics X-CUBE-BLE1 7.1.0
2025-03-04 20:07:53,417 [INFO] LoadServerUpdatesThread:375 - End of LoadServerUpdate Thread
2025-03-04 20:07:53,739 [INFO] WebApp:449 - Apply proxy settings
2025-03-04 20:07:53,740 [INFO] WebApp:534 - Chromium requires no authentication
2025-03-04 20:07:53,756 [INFO] WebApp:477 - Direct internet connection detected
2025-03-04 20:07:53,796 [INFO] WebApp:880 - Register for checkConnection events
2025-03-04 20:07:53,797 [INFO] WebApp:449 - Apply proxy settings
2025-03-04 20:07:53,797 [INFO] WebApp:534 - Chromium requires no authentication
2025-03-04 20:07:53,797 [INFO] WebApp:477 - Direct internet connection detected
2025-03-04 20:07:54,140 [INFO] WebApp:187 - Connection restablished
2025-03-04 20:07:54,251 [INFO] WebApp:221 - Starting web application
2025-03-04 20:07:54,251 [INFO] WebApp:579 - Web application path used C:\ST\STM32CubeIDE_1.16.1\STM32CubeIDE\plugins\com.st.stm32cube.common.mx_6.13.0.202411220809\db\plugins\mcufinder\reactClient1\index.html
2025-03-04 20:07:54,531 [INFO] UserAuth:486 - Internet connection configuration mode: 1
2025-03-04 20:07:56,464 [WARN] PackLoader:240 - Cannot read IP mode file for STMicroelectronics.FP-SNS-MOTENVWB1.1.4.0
2025-03-04 20:07:56,472 [WARN] PackLoader:240 - Cannot read IP mode file for STMicroelectronics.FP-ATR-ASTRA1.2.0.2
2025-03-04 20:07:56,479 [WARN] PackLoader:240 - Cannot read IP mode file for STMicroelectronics.FP-ATR-ASTRA1.2.0.1
2025-03-04 20:07:56,505 [WARN] PackLoader:240 - Cannot read IP mode file for STMicroelectronics.X-CUBE-SMBUS.2.1.0
2025-03-04 20:07:56,532 [WARN] PackLoader:240 - Cannot read IP mode file for STMicroelectronics.X-CUBE-WB05N.1.1.0
2025-03-04 20:07:56,587 [WARN] PackLoader:240 - Cannot read IP mode file for STMicroelectronics.X-CUBE-AZRTOS-F7.1.1.0
2025-03-04 20:07:56,672 [WARN] PackLoader:240 - Cannot read IP mode file for STMicroelectronics.X-CUBE-MEMS1.11.0.0
2025-03-04 20:07:56,834 [WARN] PackLoader:240 - Cannot read IP mode file for STMicroelectronics.FP-SNS-FLIGHT1.5.0.2
2025-03-04 20:07:56,862 [WARN] PackLoader:240 - Cannot read IP mode file for STMicroelectronics.X-CUBE-DISPLAY.3.0.0
2025-03-04 20:07:56,892 [WARN] PackLoader:240 - Cannot read IP mode file for STMicroelectronics.X-CUBE-BLE1.7.0.0
2025-03-04 20:07:56,915 [WARN] PackLoader:240 - Cannot read IP mode file for STMicroelectronics.X-CUBE-NFC10.1.0.0
2025-03-04 20:07:56,944 [WARN] PackLoader:240 - Cannot read IP mode file for STMicroelectronics.X-CUBE-BLEMGR.4.0.0
2025-03-04 20:07:56,973 [WARN] PackLoader:240 - Cannot read IP mode file for emotas.I-CUBE-CANOPEN.1.3.0
2025-03-04 20:07:57,004 [WARN] PackLoader:240 - Cannot read IP mode file for STMicroelectronics.X-CUBE-BLEMGR.3.1.0
2025-03-04 20:07:57,029 [WARN] PackLoader:240 - Cannot read IP mode file for STMicroelectronics.X-CUBE-AI.10.0.0
2025-03-04 20:07:57,054 [WARN] PackLoader:240 - Cannot read IP mode file for STMicroelectronics.FP-SNS-SMARTAG2.1.2.0
2025-03-04 20:07:57,153 [WARN] PackLoader:240 - Cannot read IP mode file for STMicroelectronics.X-CUBE-MEMS1.11.1.0
2025-03-04 20:07:57,357 [INFO] LogOutputStream:77 - [STDOUT_REDIRECT] 1 : Invalid condition id : UX_CORESTACK_Condition cause : null
2025-03-04 20:07:57,359 [INFO] LogOutputStream:77 - [STDOUT_REDIRECT] 1 : Invalid condition id : UX_CORESTACK_Condition cause : null
2025-03-04 20:07:57,361 [INFO] LogOutputStream:77 - [STDOUT_REDIRECT] 1 : Invalid condition id : UX_CORESTACK_Condition cause : null
2025-03-04 20:07:57,363 [INFO] LogOutputStream:77 - [STDOUT_REDIRECT] 1 : Invalid condition id : UX_CORESTACK_Condition cause : null
2025-03-04 20:07:57,364 [INFO] LogOutputStream:77 - [STDOUT_REDIRECT] 1 : Invalid condition id : UX_CORESTACK_Condition cause : null
2025-03-04 20:07:57,366 [WARN] PackLoader:240 - Cannot read IP mode file for STMicroelectronics.X-CUBE-AZRTOS-WL.2.0.0
2025-03-04 20:07:57,391 [WARN] PackLoader:240 - Cannot read IP mode file for STMicroelectronics.FP-SNS-MOTENV1.5.0.0
2025-03-04 20:07:57,399 [WARN] PackLoader:240 - Cannot read IP mode file for wolfSSL.I-CUBE-wolfMQTT.1.19.0
2025-03-04 20:07:57,421 [WARN] PackLoader:240 - Cannot read IP mode file for WES.I-CUBE-Cesium.1.3.0
2025-03-04 20:07:57,445 [WARN] PackLoader:240 - Cannot read IP mode file for STMicroelectronics.X-CUBE-BLE2.3.3.0
2025-03-04 20:07:57,467 [WARN] PackLoader:240 - Cannot read IP mode file for STMicroelectronics.X-CUBE-NFC9.1.0.0
2025-03-04 20:07:57,472 [WARN] PackLoader:240 - Cannot read IP mode file for STMicroelectronics.X-CUBE-BLE1.7.1.0
2025-03-04 20:07:57,497 [WARN] PackLoader:240 - Cannot read IP mode file for STMicroelectronics.X-CUBE-TCPP.4.1.0
2025-03-04 20:07:57,534 [WARN] PackLoader:240 - Cannot read IP mode file for STMicroelectronics.X-CUBE-AZRTOS-G0.1.1.0
2025-03-04 20:07:57,558 [WARN] PackLoader:240 - Cannot read IP mode file for STMicroelectronics.X-CUBE-SAFEA1.1.2.2
2025-03-04 20:07:57,583 [WARN] PackLoader:240 - Cannot read IP mode file for STMicroelectronics.X-CUBE-NFC4.3.0.0
2025-03-04 20:07:57,611 [WARN] PackLoader:240 - Cannot read IP mode file for EmbeddedOffice.I-CUBE-FS-RTOS.1.0.1
2025-03-04 20:07:57,636 [WARN] PackLoader:240 - Cannot read IP mode file for STMicroelectronics.X-CUBE-TCPP.4.2.0
2025-03-04 20:07:57,658 [WARN] PackLoader:240 - Cannot read IP mode file for RealThread.X-CUBE-RT-Thread_Nano.4.1.1
2025-03-04 20:07:57,667 [WARN] PackLoader:240 - Cannot read IP mode file for STMicroelectronics.FP-ATR-SIGFOX1.3.2.0
2025-03-04 20:07:57,686 [WARN] PackLoader:240 - Cannot read IP mode file for wolfSSL.I-CUBE-wolfSSL.5.7.2
2025-03-04 20:07:57,695 [WARN] ConditionMgr:438 - getConditionDescription Invalid condition id : Cortex-A Device cause : null
2025-03-04 20:07:57,738 [WARN] ConditionMgr:1044 - genDependencies : Invalid condition id : Cortex-A Device cause : null
2025-03-04 20:07:57,738 [WARN] ConditionMgr:1044 - genDependencies : Invalid condition id : Cortex-A Device cause : null
2025-03-04 20:07:57,738 [WARN] ConditionMgr:1044 - genDependencies : Invalid condition id : Cortex-A Device cause : null
2025-03-04 20:07:57,760 [WARN] PackLoader:240 - Cannot read IP mode file for STMicroelectronics.X-CUBE-EEPRMA1.5.1.0
2025-03-04 20:07:57,786 [WARN] PackLoader:240 - Cannot read IP mode file for ITTIA_DB.I-CUBE-ITTIADB.8.9.0
2025-03-04 20:07:57,843 [WARN] PackLoader:240 - Cannot read IP mode file for SEGGER.I-CUBE-embOS.1.3.1
2025-03-04 20:07:57,897 [WARN] PackLoader:240 - Cannot read IP mode file for STMicroelectronics.X-CUBE-ALGOBUILD.1.4.0
2025-03-04 20:07:57,918 [WARN] PackLoader:240 - Cannot read IP mode file for STMicroelectronics.X-CUBE-AI.9.1.0
2025-03-04 20:07:57,954 [WARN] PackLoader:240 - Cannot read IP mode file for STMicroelectronics.X-CUBE-AZRTOS-F4.1.1.0
2025-03-04 20:07:57,977 [WARN] PackLoader:240 - Cannot read IP mode file for STMicroelectronics.X-CUBE-ISPU.2.1.0
2025-03-04 20:07:58,003 [WARN] PackLoader:240 - Cannot read IP mode file for STMicroelectronics.X-CUBE-FREERTOS.1.2.0
2025-03-04 20:07:58,042 [WARN] PackLoader:240 - Cannot read IP mode file for STMicroelectronics.X-CUBE-AZRTOS-L5.2.0.0
2025-03-04 20:07:58,069 [WARN] PackLoader:240 - Cannot read IP mode file for STMicroelectronics.X-CUBE-NFC6.3.1.0
2025-03-04 20:07:58,099 [WARN] PackLoader:240 - Cannot read IP mode file for STMicroelectronics.X-CUBE-DPower.1.2.0
2025-03-04 20:07:58,122 [WARN] PackLoader:240 - Cannot read IP mode file for STMicroelectronics.X-CUBE-AI.9.0.0
2025-03-04 20:07:58,141 [WARN] PackLoader:240 - Cannot read IP mode file for STMicroelectronics.X-CUBE-FREERTOS.1.3.0
2025-03-04 20:07:58,163 [WARN] PackLoader:240 - Cannot read IP mode file for STMicroelectronics.X-CUBE-NFC7.1.0.1
2025-03-04 20:07:58,205 [WARN] ConditionMgr:438 - getConditionDescription Invalid condition id : LAN8742 Phy interface Condition cause : null
2025-03-04 20:07:58,206 [WARN] PackLoader:240 - Cannot read IP mode file for STMicroelectronics.X-CUBE-AZRTOS-L4.2.0.0
2025-03-04 20:07:58,207 [WARN] ConditionMgr:1044 - genDependencies : Invalid condition id : LAN8742 Phy interface Condition cause : null
2025-03-04 20:07:58,207 [WARN] ConditionMgr:1044 - genDependencies : Invalid condition id : LAN8742 Phy interface Condition cause : null
2025-03-04 20:07:58,207 [WARN] ConditionMgr:1044 - genDependencies : Invalid condition id : LAN8742 Phy interface Condition cause : null
2025-03-04 20:07:58,228 [WARN] PackLoader:240 - Cannot read IP mode file for STMicroelectronics.X-CUBE-SFXS2LP1.4.0.0
2025-03-04 20:07:58,262 [WARN] PackLoader:240 - Cannot read IP mode file for STMicroelectronics.X-CUBE-AZRTOS-H7.3.3.0
2025-03-04 20:07:58,287 [WARN] PackLoader:240 - Cannot read IP mode file for STMicroelectronics.X-CUBE-IPS.3.0.0
2025-03-04 20:07:58,323 [WARN] ConditionMgr:438 - getConditionDescription Invalid condition id : UX DEVICE CLASS RTOS Condition cause : null
2025-03-04 20:07:58,323 [WARN] ConditionMgr:438 - getConditionDescription Invalid condition id : UX DEVICE CLASS RTOS Condition cause : null
2025-03-04 20:07:58,324 [WARN] PackLoader:240 - Cannot read IP mode file for STMicroelectronics.X-CUBE-AZRTOS-WB.2.0.0
2025-03-04 20:07:58,325 [WARN] ConditionMgr:1044 - genDependencies : Invalid condition id : UX DEVICE CLASS RTOS Condition cause : null
2025-03-04 20:07:58,325 [WARN] ConditionMgr:1044 - genDependencies : Invalid condition id : UX DEVICE CLASS RTOS Condition cause : null
2025-03-04 20:07:58,325 [WARN] ConditionMgr:1044 - genDependencies : Invalid condition id : UX DEVICE CLASS RTOS Condition cause : null
2025-03-04 20:07:58,325 [WARN] ConditionMgr:1044 - genDependencies : Invalid condition id : UX DEVICE CLASS RTOS Condition cause : null
2025-03-04 20:07:58,325 [WARN] ConditionMgr:1044 - genDependencies : Invalid condition id : UX DEVICE CLASS RTOS Condition cause : null
2025-03-04 20:07:58,349 [WARN] PackLoader:240 - Cannot read IP mode file for STMicroelectronics.X-CUBE-GNSS1.7.0.0
2025-03-04 20:07:58,371 [WARN] PackLoader:240 - Cannot read IP mode file for STMicroelectronics.X-CUBE-GNSS1.7.0.1
2025-03-04 20:07:58,405 [WARN] PackLoader:240 - Cannot read IP mode file for STMicroelectronics.FP-SNS-STBOX1.2.0.0
2025-03-04 20:07:58,437 [WARN] PackLoader:240 - Cannot read IP mode file for STMicroelectronics.X-CUBE-SUBG2.5.0.0
2025-03-04 20:07:58,449 [WARN] PackLoader:240 - Cannot read IP mode file for Cesanta.I-CUBE-Mongoose.7.13.0
2025-03-04 20:07:58,478 [WARN] PackLoader:240 - Cannot read IP mode file for STMicroelectronics.X-CUBE-AZRTOS-G4.2.0.0
2025-03-04 20:07:58,499 [WARN] PackLoader:240 - Cannot read IP mode file for STMicroelectronics.X-CUBE-ISPU.2.0.0
2025-03-04 20:07:58,524 [WARN] PackLoader:240 - Cannot read IP mode file for STMicroelectronics.X-CUBE-IPS.3.1.0
2025-03-04 20:07:58,548 [WARN] PackLoader:240 - Cannot read IP mode file for STMicroelectronics.X-CUBE-ALS.1.0.2
2025-03-04 20:07:58,576 [WARN] PackLoader:240 - Cannot read IP mode file for STMicroelectronics.X-CUBE-TOUCHGFX.4.24.0
2025-03-04 20:07:58,596 [WARN] PackLoader:240 - Cannot read IP mode file for STMicroelectronics.X-CUBE-TOUCHGFX.4.24.2
2025-03-04 20:07:58,615 [WARN] PackLoader:240 - Cannot read IP mode file for STMicroelectronics.X-CUBE-TOUCHGFX.4.24.1
2025-03-04 20:07:58,621 [WARN] PackLoader:240 - Cannot read IP mode file for wolfSSL.I-CUBE-wolfTPM.3.4.0
2025-03-04 20:07:58,640 [WARN] PackLoader:240 - Cannot read IP mode file for portGmbH.I-Cube-SoM-uGOAL.1.1.0
2025-03-04 20:07:58,689 [WARN] PackLoader:240 - Cannot read IP mode file for STMicroelectronics.X-CUBE-AZRTOS-H7RS.1.0.0
2025-03-04 20:07:58,712 [WARN] PackLoader:240 - Cannot read IP mode file for STMicroelectronics.FP-ATR-ASTRA1.2.0.0
2025-03-04 20:07:58,753 [WARN] PackLoader:240 - Cannot read IP mode file for STMicroelectronics.X-CUBE-TOF1.3.4.2
2025-03-04 20:07:58,802 [WARN] PackLoader:240 - Cannot read IP mode file for Infineon.AIROC-Wi-Fi-Bluetooth-STM32.1.6.1
2025-03-04 20:07:58,811 [WARN] PackLoader:240 - Cannot read IP mode file for wolfSSL.I-CUBE-wolfSSH.1.4.17
2025-03-04 20:07:58,812 [INFO] ThirdParty:978 - Integrity check success = true
2025-03-04 20:07:58,812 [INFO] IntegrityCheckThread:100 - exiting critical section [integrity check]
2025-03-04 20:07:58,812 [INFO] IntegrityCheckThread:103 - End integrity checks thread
2025-03-04 20:08:34,273 [INFO] WebApp:190 - Connection lost
2025-03-04 20:08:34,406 [INFO] WebApp:187 - Connection restablished
2025-03-04 20:08:34,895 [INFO] McuFinderGlobals:63 - Set McuFinder mode to 2 (CubeIDE integrated)
2025-03-04 20:08:34,963 [INFO] MainUpdater:2872 - connection check result : 10
2025-03-04 20:08:34,982 [INFO] MainUpdater:2872 - connection check result : 10
2025-03-04 20:08:35,321 [INFO] MicroXplorer:468 - Change Database Path : 
2025-03-04 20:08:35,321 [INFO] MicroXplorer:498 - Change Database Version : DB.6.0.130
2025-03-04 20:08:35,338 [WARN] ThirdParty:871 - waiting for thirdparty lock release [close project]
2025-03-04 20:08:35,339 [INFO] ThirdParty:873 - entering critical section [close project]
2025-03-04 20:08:35,340 [INFO] ThirdParty:883 - exiting critical section [close project]
2025-03-04 20:08:35,343 [INFO] PinOutPanel:1589 - setPackage(No Configuration,No Configuration)
2025-03-04 20:08:35,352 [INFO] UtilMem:75 - Begin LoadConfig() Used Memory: 473318960 Bytes (676331520)
2025-03-04 20:08:35,355 [INFO] MicroXplorer:468 - Change Database Path : 
2025-03-04 20:08:35,355 [INFO] MicroXplorer:498 - Change Database Version : DB.6.0.130
2025-03-04 20:08:35,355 [INFO] OpenFileManager:332 - Change cursor
2025-03-04 20:08:35,520 [INFO] Mcu:2035 - Initializing MCU STM32F767ZITx STM32F767ZITx STM32F767ZIT6
2025-03-04 20:08:40,682 [INFO] Context:748 - Trying to add GPIOservice into a context  which must be forbidden
2025-03-04 20:08:42,231 [INFO] RtosManager:555 - Registered RTOS mode: class=CMSIS, group=RTOS, mode=CMSIS_V1, owner=FREERTOS
2025-03-04 20:08:42,232 [INFO] RtosManager:555 - Registered RTOS mode: class=CMSIS, group=RTOS2, mode=CMSIS_V2, owner=FREERTOS
2025-03-04 20:08:42,233 [INFO] RtosManager:555 - Registered RTOS mode: class=RTOS, group=Core, mode=CMSIS_V1, owner=FREERTOS
2025-03-04 20:08:42,233 [INFO] RtosManager:555 - Registered RTOS mode: class=RTOS, group=Core, mode=CMSIS_V2, owner=FREERTOS
2025-03-04 20:08:42,233 [WARN] ModelIntegratedComponent:184 - Missing modes for component STMicroelectronics:FreeRTOS:0.0.1:STMicroelectronics:RTOS:FreeRTOS:Core:::10.2.0:
2025-03-04 20:08:42,298 [WARN] ModelIntegratedComponent:63 - No mode defined for component null
2025-03-04 20:08:42,298 [WARN] ModelIntegratedComponent:63 - No mode defined for component null
2025-03-04 20:08:42,298 [WARN] ModelIntegratedComponent:63 - No mode defined for component null
2025-03-04 20:08:42,298 [WARN] ModelIntegratedComponent:63 - No mode defined for component null
2025-03-04 20:08:42,298 [WARN] ModelIntegratedComponent:63 - No mode defined for component null
2025-03-04 20:08:42,298 [WARN] ModelIntegratedComponent:63 - No mode defined for component null
2025-03-04 20:08:42,298 [WARN] ModelIntegratedComponent:63 - No mode defined for component null
2025-03-04 20:08:42,298 [WARN] ModelIntegratedComponent:63 - No mode defined for component null
2025-03-04 20:08:42,298 [WARN] ModelIntegratedComponent:63 - No mode defined for component null
2025-03-04 20:08:42,298 [WARN] ModelIntegratedComponent:63 - No mode defined for component null
2025-03-04 20:08:42,298 [WARN] ModelIntegratedComponent:63 - No mode defined for component null
2025-03-04 20:08:42,298 [WARN] ModelIntegratedComponent:63 - No mode defined for component null
2025-03-04 20:08:42,299 [WARN] ModelIntegratedComponent:63 - No mode defined for component null
2025-03-04 20:08:42,299 [WARN] ModelIntegratedComponent:63 - No mode defined for component null
2025-03-04 20:08:42,299 [WARN] ModelIntegratedComponent:63 - No mode defined for component null
2025-03-04 20:08:42,299 [WARN] ModelIntegratedComponent:63 - No mode defined for component null
2025-03-04 20:08:42,299 [WARN] ModelIntegratedComponent:63 - No mode defined for component null
2025-03-04 20:08:42,299 [WARN] ModelIntegratedComponent:63 - No mode defined for component null
2025-03-04 20:08:42,299 [WARN] ModelIntegratedComponent:63 - No mode defined for component null
2025-03-04 20:08:42,299 [WARN] ModelIntegratedComponent:63 - No mode defined for component null
2025-03-04 20:08:42,299 [WARN] ModelIntegratedComponent:63 - No mode defined for component null
2025-03-04 20:08:42,299 [WARN] ModelIntegratedComponent:63 - No mode defined for component null
2025-03-04 20:08:42,300 [WARN] ModelIntegratedComponent:63 - No mode defined for component null
2025-03-04 20:08:42,300 [WARN] ModelIntegratedComponent:63 - No mode defined for component null
2025-03-04 20:08:42,300 [WARN] ModelIntegratedComponent:63 - No mode defined for component null
2025-03-04 20:08:42,300 [WARN] ModelIntegratedComponent:63 - No mode defined for component null
2025-03-04 20:08:42,301 [WARN] ModelIntegratedComponent:63 - No mode defined for component null
2025-03-04 20:08:42,301 [WARN] ModelIntegratedComponent:63 - No mode defined for component null
2025-03-04 20:08:42,301 [WARN] ModelIntegratedComponent:63 - No mode defined for component null
2025-03-04 20:08:42,301 [WARN] ModelIntegratedComponent:63 - No mode defined for component null
2025-03-04 20:08:42,303 [WARN] ModelIntegratedComponent:63 - No mode defined for component null
2025-03-04 20:08:42,303 [WARN] ModelIntegratedComponent:63 - No mode defined for component null
2025-03-04 20:08:42,303 [WARN] ModelIntegratedComponent:63 - No mode defined for component null
2025-03-04 20:08:42,303 [WARN] ModelIntegratedComponent:63 - No mode defined for component null
2025-03-04 20:08:42,303 [WARN] ModelIntegratedComponent:63 - No mode defined for component null
2025-03-04 20:08:42,304 [WARN] ModelPack:524 - Component already loaded: STMicroelectronics:HAL Drivers:0.0.0:STMicroelectronics:Device:STMicro_Driver:XSPI:HAL::0.0.1:HAL_XSPI
2025-03-04 20:08:42,474 [INFO] ThirdPartyModel:298 - Start build external matchings
2025-03-04 20:08:43,039 [INFO] ThirdPartyModel:316 - End build external matchings
2025-03-04 20:08:43,087 [INFO] ImportTextPane:218 - (OptionalMessage_ERROR) IP (RCC) : Invalid parameter (FamilyName)
2025-03-04 20:08:43,088 [INFO] ImportTextPane:218 - (OptionalMessage_ERROR) IP (RCC) : Parameter (RNGFreq_Value) has invalid value (96000000)
2025-03-04 20:08:43,089 [INFO] ImportTextPane:218 - (OptionalMessage_ERROR) IP (RCC) : Parameter (USBFreq_Value) has invalid value (96000000)
2025-03-04 20:08:44,280 [INFO] ApiDb:581 - Connected to CubeFinder SQLite database (C:\Users\corre\.stmcufinder\plugins\mcufinder\mcu\cube-finder-db.db)
2025-03-04 20:08:44,381 [INFO] ApiDb:668 - CubeFinder database Data Model version=2.1
2025-03-04 20:08:44,381 [INFO] ApiDb:669 - CubeFinder database Configuration version=3.0.39
2025-03-04 20:08:44,382 [INFO] ApiDb:670 - CubeFinder database generation date=2024-12-10 (1733817889)
2025-03-04 20:08:44,382 [INFO] ApiDb:671 - CubeFinder database FW Pack versions=[FP-ATR-ASTRA1_V2.0.0, FP-SNS-FLIGHT1_V5.0.2, FP-SNS-MOTENV1_V5.0.0, FP-SNS-MOTENVWB1_V1.4.0, FP-SNS-SMARTAG2_V1.2.0, FP-SNS-STBOX1_V2.0.0, STM32Cube_FW_C0_V1.3.0, STM32Cube_FW_F4_V1.28.1, STM32Cube_FW_F7_V1.17.2, STM32Cube_FW_G0_V1.6.2, STM32Cube_FW_G4_V1.6.1, STM32Cube_FW_H5_V1.4.0, STM32Cube_FW_H7RS_V1.1.0, STM32Cube_FW_H7_V1.12.0, STM32Cube_FW_L0_V1.12.2, STM32Cube_FW_L4_V1.18.1, STM32Cube_FW_L5_V1.5.1, STM32Cube_FW_N6_V1.0.0, STM32Cube_FW_U0_V1.2.0, STM32Cube_FW_U3_V1.0.0, STM32Cube_FW_U5_V1.7.0, STM32Cube_FW_WB0_V1.1.0, STM32Cube_FW_WBA_V1.5.0, STM32Cube_FW_WB_V1.21.0, STM32Cube_FW_WL3_V1.0.0, STM32Cube_FW_WL_V1.3.0, X-CUBE-ALGOBUILD_V1.4.0, X-CUBE-ALS_V1.0.2, X-CUBE-AZRTOS-F4_V1.1.0, X-CUBE-AZRTOS-F7_V1.1.0, X-CUBE-AZRTOS-G0_V1.1.0, X-CUBE-AZRTOS-G4_V2.0.0, X-CUBE-AZRTOS-H7RS_V1.0.0, X-CUBE-AZRTOS-H7_V3.3.0, X-CUBE-AZRTOS-L4_V2.0.0, X-CUBE-AZRTOS-L5_V2.0.0, X-CUBE-AZRTOS-WB_V2.0.0, X-CUBE-AZRTOS-WL_V2.0.0, X-CUBE-BLE1_V7.0.0, X-CUBE-BLE2_V3.3.0, X-CUBE-BLEMGR_V3.1.0, X-CUBE-EEPRMA1_V5.1.0, X-CUBE-FREERTOS_V1.2.0, X-CUBE-GNSS1_V6.0.0, X-CUBE-MEMS1_V11.0.0, X-CUBE-NFC4_V3.0.0, X-CUBE-NFC7_V1.0.1, X-CUBE-SFXS2LP1_V4.0.0, X-CUBE-SUBG2_V5.0.0, X-CUBE-TOF1_V3.4.2]
2025-03-04 20:08:44,560 [INFO] DbBoardsSqlite:226 - include board P-NUCLEO-WB55-NUCLEO as a kit item of type 'Nucleo-64'
2025-03-04 20:08:44,561 [INFO] DbBoardsSqlite:226 - include board P-NUCLEO-WB55-USBDONGLE as a kit item of type 'Nucleo USB Dongle'
2025-03-04 20:08:44,563 [INFO] DbBoardsSqlite:226 - include board STEVAL-IDP005V1 as a kit item of type 'Evaluation Board'
2025-03-04 20:08:44,563 [INFO] DbBoardsSqlite:226 - include board STEVAL-IDP005V2 as a kit item of type 'Evaluation Board'
2025-03-04 20:08:45,088 [INFO] ApiDb:240 - Found 858 in-development CPN: [B-G473E-ZEST1S, B-WB1M-WPAN1, B-WBA5M-WPAN, B-WL5M-SUBG1, NUCLEO-C031C6, NUCLEO-C051C8, NUCLEO-C071RB, NUCLEO-C092RC, NUCLEO-H503RB, NUCLEO-H533RE, NUCLEO-H563ZI, NUCLEO-H7S3L8, NUCLEO-N657X0-Q, NUCLEO-U031R8, NUCLEO-U083RC, NUCLEO-U385RG-Q, NUCLEO-U545RE-Q, NUCLEO-U5A5ZJ-Q, NUCLEO-WB05KZ, NUCLEO-WB07CC, NUCLEO-WB09KE, NUCLEO-WBA52CG, NUCLEO-WBA55CG, NUCLEO-WL33CC1, NUCLEO-WL33CC2, STEVAL-PROTEUS1, STEVAL-SMARTAG2, STEVAL-STWINBX1, STM320518-EVAL, STM32C0116-DK, STM32C011D6Y3TR, STM32C011D6Y6TR, STM32C011F4P3, STM32C011F4P6, STM32C011F4U3, STM32C011F4U6TR, STM32C011F6P3, STM32C011F6P6, STM32C011F6U3, STM32C011F6U6TR, STM32C011J4M3, STM32C011J4M6, STM32C011J6M3, STM32C011J6M6, STM32C0316-DK, STM32C031C4T3, STM32C031C4T6, STM32C031C4U3, STM32C031C4U6, STM32C031C6T3, STM32C031C6T6, STM32C031C6U3, STM32C031C6U6, STM32C031F4P3, STM32C031F4P6, STM32C031F6P3, STM32C031F6P6, STM32C031G4U3, STM32C031G4U6, STM32C031G6U3, STM32C031G6U6, STM32C031K4T3, STM32C031K4T6, STM32C031K4U3, STM32C031K4U6, STM32C031K6T3, STM32C031K6T6, STM32C031K6U3, STM32C031K6U6, STM32C051C6T6, STM32C051C6U6, STM32C051C8T6, STM32C051C8U6, STM32C051D8Y6TR, STM32C051F6P6, STM32C051F8P6, STM32C051G6U6, STM32C051G8U6, STM32C051K6T6, STM32C051K6U6, STM32C051K8T6, STM32C071C8T6, STM32C071C8T6N, STM32C071C8U6, STM32C071C8U6N, STM32C071CBT6, STM32C071CBT6N, STM32C071CBU6, STM32C071CBU6N, STM32C071F8P6, STM32C071F8P6N, STM32C071FBP6, STM32C071FBP6N, STM32C071FBY6TR, STM32C071G8U6, STM32C071G8U6N, STM32C071GBU6, STM32C071GBU6N, STM32C071K8T6, STM32C071K8T6N, STM32C071K8U6, STM32C071K8U6N, STM32C071KBT6, STM32C071KBT6N, STM32C071KBU6, STM32C071KBU6N, STM32C071R8T6, STM32C071R8T6N, STM32C071RBI6N, STM32C071RBT6, STM32C071RBT6N, STM32C091CBT6, STM32C091CBU6, STM32C091CCT6, STM32C091CCU6, STM32C091ECY6TR, STM32C091FBP6, STM32C091FCP6, STM32C091GBU6, STM32C091GCU6, STM32C091KBT6, STM32C091KBU6, STM32C091KCT6, STM32C091KCU6, STM32C091RBT6, STM32C091RCI6, STM32C091RCT6, STM32C092CBT6, STM32C092CBU6, STM32C092CCT6, STM32C092CCU6, STM32C092ECY6TR, STM32C092FBP6, STM32C092FCP6, STM32C092GBU6, STM32C092GCU6, STM32C092KBT6, STM32C092KBU6, STM32C092KCT6, STM32C092KCU6, STM32C092RBT6, STM32C092RCI6, STM32C092RCT6, STM32G071K8TXN, STM32G071K8UXN, STM32G081GBU6N, STM32G081KBT6N, STM32G081KBUXN, STM32G0B1CCT6N, STM32G0B1KCT6, STM32G0B1NEY6TR, STM32G0B1RCT6N, STM32G0C1CCT6, STM32G0C1CCT6N, STM32G0C1CCU6N, STM32G0C1CET6N, STM32G0C1CEU6N, STM32G0C1KCT6, STM32G0C1NEY6TR, STM32G0C1RCI6N, STM32G0C1RCT6N, STM32G0C1REI6N, STM32G0C1RET6N, STM32G0C1VCI6, STM32G0C1VEI6, STM32G411C6T3, STM32G411C6T6, STM32G411C6U3, STM32G411C6U6, STM32G411C8T3, STM32G411C8T6, STM32G411C8U3, STM32G411C8U6, STM32G411CBT3, STM32G411CBT6, STM32G411CBU3, STM32G411CBU6, STM32G411CCT3, STM32G411CCT6, STM32G411CCU3, STM32G411CCU6, STM32G411K6T3, STM32G411K6T6, STM32G411K6U3, STM32G411K6U6, STM32G411K8T3, STM32G411K8T6, STM32G411K8U3, STM32G411K8U6, STM32G411KBT3, STM32G411KBT6, STM32G411KBU3, STM32G411KBU6, STM32G411M6T3, STM32G411M6T6, STM32G411M8T3, STM32G411M8T6, STM32G411MBT3, STM32G411MBT6, STM32G411MCT3, STM32G411MCT6, STM32G411R6T3, STM32G411R6T6, STM32G411R8T3, STM32G411R8T6, STM32G411RBT3, STM32G411RBT6, STM32G411RCT3, STM32G411RCT6, STM32G414CBT3, STM32G414CBT6, STM32G414CBU3, STM32G414CBU6, STM32G414CCT3, STM32G414CCT6, STM32G414CCU3, STM32G414CCU6, STM32G414MBT3, STM32G414MBT6, STM32G414MCT3, STM32G414MCT6, STM32G414RBT3, STM32G414RBT6, STM32G414RCT3, STM32G414RCT6, STM32G414VBT3, STM32G414VBT6, STM32G414VCT3, STM32G414VCT6, STM32G431CBT3Z, STM32G431RBT3Z, STM32G471CCT6, STM32G471CCU6, STM32G471CET3, STM32G471CET6, STM32G471CEU3, STM32G471CEU6, STM32G471MCT6, STM32G471MET3, STM32G471MET6, STM32G471MEY6TR, STM32G471QCT6, STM32G471QET3, STM32G471RCT6, STM32G471RET3, STM32G471RET6, STM32G471VCH6, STM32G471VCI6, STM32G471VCT6, STM32G471VEH3, STM32G471VEH6, STM32G471VEI3, STM32G471VEI6, STM32G471VET3, STM32G471VET6, STM32G473QET3Z, STM32G473RET3Z, STM32G474CCT6, STM32G491RET3Z, STM32H503CBT6, STM32H503CBU6, STM32H503EBY6TR, STM32H503KBU6, STM32H503RBT6, STM32H523CCT6, STM32H523CCU6, STM32H523CET6, STM32H523CEU6, STM32H523HEY6TR, STM32H523RCT6, STM32H523RET6, STM32H523VCI6, STM32H523VCT6, STM32H523VEI6, STM32H523VET6, STM32H523ZCJ6, STM32H523ZCT6, STM32H523ZEJ6, STM32H523ZET6, STM32H533CET6, STM32H533CEU6, STM32H533HEY6TR, STM32H533RET6, STM32H533VEI6, STM32H533VET6, STM32H533ZEJ6, STM32H533ZET6, STM32H562AGI6, STM32H562AII6, STM32H562IGK6, STM32H562IGT6, STM32H562IIK6, STM32H562IIT6, STM32H562RGT6, STM32H562RGV6, STM32H562RIT6, STM32H562RIV6, STM32H562VGT6, STM32H562VIT6, STM32H562ZGT6, STM32H562ZIT6, STM32H563AGI6, STM32H563AII3Q, STM32H563AII6, STM32H563IGK6, STM32H563IGT6, STM32H563IIK3Q, STM32H563IIK6, STM32H563IIT3Q, STM32H563IIT6, STM32H563MIY3QTR, STM32H563RGT6, STM32H563RGV6, STM32H563RIT6, STM32H563RIV6, STM32H563VGT6, STM32H563VIT3Q, STM32H563VIT6, STM32H563ZGT6, STM32H563ZIT3Q, STM32H563ZIT6, STM32H573AII3Q, STM32H573AII6, STM32H573I-DK, STM32H573IIK3Q, STM32H573IIK6, STM32H573IIT3Q, STM32H573IIT6, STM32H573MIY3QTR, STM32H573RIT6, STM32H573RIV6, STM32H573VIT3Q, STM32H573VIT6, STM32H573ZIT3Q, STM32H573ZIT6, STM32H7R3A8I6, STM32H7R3I8K6, STM32H7R3I8T6, STM32H7R3L8H6, STM32H7R3L8H6H, STM32H7R3R8V6, STM32H7R3V8H6, STM32H7R3V8T6, STM32H7R3V8Y6TR, STM32H7R3Z8J6, STM32H7R3Z8T6, STM32H7R7A8I6, STM32H7R7I8K6, STM32H7R7I8T6, STM32H7R7L8H6, STM32H7R7L8H6H, STM32H7R7Z8J6, STM32H7S3A8I6, STM32H7S3I8K6, STM32H7S3I8T6, STM32H7S3L8H6, STM32H7S3L8H6H, STM32H7S3R8V6, STM32H7S3V8H6, STM32H7S3V8T6, STM32H7S3V8Y6TR, STM32H7S3Z8J6, STM32H7S3Z8T6, STM32H7S78-DK, STM32H7S7A8I6, STM32H7S7I8K6, STM32H7S7I8T6, STM32H7S7L8H6, STM32H7S7L8H6H, STM32H7S7Z8J6, STM32L4R5QGI6STR, STM32MP131AAE3, STM32MP131AAF3, STM32MP131AAG3, STM32MP131CAE3, STM32MP131CAF3, STM32MP131CAG3, STM32MP131DAE7, STM32MP131DAF7, STM32MP131DAG7, STM32MP131FAE7, STM32MP131FAF7, STM32MP131FAG7, STM32MP133AAE3, STM32MP133AAF3, STM32MP133AAG3, STM32MP133CAE3, STM32MP133CAF3, STM32MP133CAG3, STM32MP133DAE7, STM32MP133DAF7, STM32MP133DAG7, STM32MP133FAE7, STM32MP133FAF7, STM32MP133FAG7, STM32MP135AAE3, STM32MP135AAF3, STM32MP135AAG3, STM32MP135CAE3, STM32MP135CAF3, STM32MP135CAG3, STM32MP135DAE7, STM32MP135DAF7, STM32MP135DAG7, STM32MP135F-DK, STM32MP135FAE7, STM32MP135FAF7, STM32MP135FAF7T, STM32MP135FAF7U, STM32MP135FAG7, STM32MP231AAJ3, STM32MP231AAK3, STM32MP231AAL3, STM32MP231CAJ3, STM32MP231CAK3, STM32MP231CAL3, STM32MP231DAJ3, STM32MP231DAK3, STM32MP231DAL3, STM32MP231FAJ3, STM32MP231FAK3, STM32MP231FAL3, STM32MP233AAJ3, STM32MP233AAK3, STM32MP233AAL3, STM32MP233CAJ3, STM32MP233CAK3, STM32MP233CAL3, STM32MP233DAJ3, STM32MP233DAK3, STM32MP233DAL3, STM32MP233FAJ3, STM32MP233FAK3, STM32MP233FAL3, STM32MP235AAJ3, STM32MP235AAK3, STM32MP235AAL3, STM32MP235CAJ3, STM32MP235CAK3, STM32MP235CAL3, STM32MP235DAJ3, STM32MP235DAK3, STM32MP235DAL3, STM32MP235FAJ3, STM32MP235FAK3, STM32MP235FAL3, STM32MP251AAI3, STM32MP251AAJ3, STM32MP251AAK3, STM32MP251AAL3, STM32MP251CAI3, STM32MP251CAJ3, STM32MP251CAK3, STM32MP251CAL3, STM32MP251DAI3, STM32MP251DAJ3, STM32MP251DAK3, STM32MP251DAL3, STM32MP251FAI3, STM32MP251FAJ3, STM32MP251FAK3, STM32MP251FAL3, STM32MP253AAI3, STM32MP253AAJ3, STM32MP253AAK3, STM32MP253AAL3, STM32MP253CAI3, STM32MP253CAJ3, STM32MP253CAK3, STM32MP253CAL3, STM32MP253DAI3, STM32MP253DAJ3, STM32MP253DAK3, STM32MP253DAL3, STM32MP253FAI3, STM32MP253FAJ3, STM32MP253FAK3, STM32MP253FAL3, STM32MP255AAI3, STM32MP255AAJ3, STM32MP255AAK3, STM32MP255AAL3, STM32MP255CAI3, STM32MP255CAJ3, STM32MP255CAK3, STM32MP255CAL3, STM32MP255DAI3, STM32MP255DAJ3, STM32MP255DAK3, STM32MP255DAL3, STM32MP255FAI3, STM32MP255FAJ3, STM32MP255FAK3, STM32MP255FAL3, STM32MP257AAI3, STM32MP257AAJ3, STM32MP257AAK3, STM32MP257AAL3, STM32MP257CAI3, STM32MP257CAJ3, STM32MP257CAK3, STM32MP257CAL3, STM32MP257DAI3, STM32MP257DAJ3, STM32MP257DAK3, STM32MP257DAL3, STM32MP257F-DK, STM32MP257F-EV1, STM32MP257FAI3, STM32MP257FAJ3, STM32MP257FAK3, STM32MP257FAL3, STM32N645A0H3Q, STM32N645B0H3Q, STM32N645I0H3Q, STM32N645L0H3Q, STM32N645X0H3Q, STM32N645Z0H3Q, STM32N647A0H3Q, STM32N647B0H3Q, STM32N647I0H3Q, STM32N647L0H3Q, STM32N647X0H3Q, STM32N647Z0H3Q, STM32N655A0H3Q, STM32N655B0H3Q, STM32N655I0H3Q, STM32N655L0H3Q, STM32N655X0H3Q, STM32N655Z0H3Q, STM32N6570-DK, STM32N657A0H3Q, STM32N657B0H3Q, STM32N657I0H3Q, STM32N657L0H3Q, STM32N657X0H3Q, STM32N657Z0H3Q, STM32U031C6T6, STM32U031C6U6, STM32U031C8T6, STM32U031C8U6, STM32U031F4P6, STM32U031F6P6, STM32U031F8P6, STM32U031G6Y6TR, STM32U031G8Y6TR, STM32U031K4U6, STM32U031K6U6, STM32U031K8U6, STM32U031R6I6, STM32U031R6T6, STM32U031R8I6, STM32U031R8T6, STM32U073C8T6, STM32U073C8U6, STM32U073CBT6, STM32U073CBU6, STM32U073CCT6, STM32U073CCU6, STM32U073H8Y6TR, STM32U073HBY6TR, STM32U073HCY6TR, STM32U073K8U6, STM32U073KBU6, STM32U073KCU6, STM32U073M8I6, STM32U073M8T6, STM32U073MBI6, STM32U073MBT6, STM32U073MCI6, STM32U073MCT6, STM32U073R8I6, STM32U073R8T6, STM32U073RBI6, STM32U073RBT6, STM32U073RCI6, STM32U073RCT6, STM32U083C-DK, STM32U083CCT6, STM32U083CCU6, STM32U083HCY6TR, STM32U083KCU6, STM32U083MCI6, STM32U083MCT6, STM32U083RCI6, STM32U083RCT6, STM32U375CET6, STM32U375CET6Q, STM32U375CEU6, STM32U375CEU6Q, STM32U375CEY6QTR, STM32U375CGT6, STM32U375CGT6Q, STM32U375CGU6, STM32U375CGU6Q, STM32U375CGY6QTR, STM32U375KEU6, STM32U375KGU6, STM32U375REI6, STM32U375REI6Q, STM32U375RET6, STM32U375RET6Q, STM32U375REY6GTR, STM32U375REY6QTR, STM32U375RGI6, STM32U375RGI6Q, STM32U375RGT6, STM32U375RGT6Q, STM32U375RGY6GTR, STM32U375RGY6QTR, STM32U375VEI6, STM32U375VEI6Q, STM32U375VET6, STM32U375VET6Q, STM32U375VGI6, STM32U375VGI6Q, STM32U375VGT6, STM32U375VGT6Q, STM32U385CGT6, STM32U385CGT6Q, STM32U385CGU6, STM32U385CGU6Q, STM32U385CGY6QTR, STM32U385KGU6, STM32U385RGI6, STM32U385RGI6Q, STM32U385RGT6, STM32U385RGT6Q, STM32U385RGY6GTR, STM32U385RGY6QTR, STM32U385VGI6, STM32U385VGI6Q, STM32U385VGT6, STM32U385VGT6Q, STM32U535CBT6, STM32U535CBT6Q, STM32U535CBU6, STM32U535CBU6Q, STM32U535CCT6, STM32U535CCT6Q, STM32U535CCU6, STM32U535CCU6Q, STM32U535CET6, STM32U535CET6Q, STM32U535CEU6, STM32U535CEU6Q, STM32U535JEY6QTR, STM32U535NCY6QTR, STM32U535NEY6QTR, STM32U535RBI6, STM32U535RBI6Q, STM32U535RBT6, STM32U535RBT6Q, STM32U535RCI6, STM32U535RCI6Q, STM32U535RCT6, STM32U535RCT6Q, STM32U535REI6, STM32U535REI6Q, STM32U535RET6, STM32U535RET6Q, STM32U535VCI6, STM32U535VCI6Q, STM32U535VCT6, STM32U535VCT6Q, STM32U535VEI6, STM32U535VEI6Q, STM32U535VET6, STM32U535VET6Q, STM32U545CET6, STM32U545CET6Q, STM32U545CEU6, STM32U545CEU6Q, STM32U545JEY6QTR, STM32U545NEY6QTR, STM32U545REI6, STM32U545REI6Q, STM32U545RET6, STM32U545RET6Q, STM32U545VEI6, STM32U545VEI6Q, STM32U545VET6, STM32U545VET6Q, STM32U595AIH6, STM32U595AIH6Q, STM32U595AJH6, STM32U595AJH6Q, STM32U595QII6, STM32U595QII6Q, STM32U595QJI6, STM32U595QJI6Q, STM32U595RIT6, STM32U595RIT6Q, STM32U595RJT6, STM32U595RJT6Q, STM32U595VIT6, STM32U595VIT6Q, STM32U595VJT6, STM32U595VJT6Q, STM32U595ZIT6, STM32U595ZIT6Q, STM32U595ZIY6QTR, STM32U595ZJT6, STM32U595ZJT6Q, STM32U595ZJY6QTR, STM32U599BJY6QTR, STM32U599NIH6Q, STM32U599NJH6Q, STM32U599VIT6Q, STM32U599VJT6, STM32U599VJT6Q, STM32U599ZIT6Q, STM32U599ZIY6QTR, STM32U599ZJT6Q, STM32U599ZJY6QTR, STM32U5A5AJH6, STM32U5A5AJH6Q, STM32U5A5QII3Q , STM32U5A5QJI6, STM32U5A5QJI6Q, STM32U5A5RJT6, STM32U5A5RJT6Q, STM32U5A5VJT6, STM32U5A5VJT6Q, STM32U5A5ZJT6, STM32U5A5ZJT6Q, STM32U5A5ZJY6QTR, STM32U5A9BJY6QTR, STM32U5A9J-DK, STM32U5A9NJH6Q, STM32U5A9VJT6Q, STM32U5A9ZJT6Q, STM32U5A9ZJY6QTR, STM32U5F7VIT6, STM32U5F7VIT6Q, STM32U5F7VJT6, STM32U5F7VJT6Q, STM32U5F9BJY6QTR, STM32U5F9NJH6Q, STM32U5F9VIT6Q, STM32U5F9VJT6Q, STM32U5F9ZIJ6QTR, STM32U5F9ZIT6Q, STM32U5F9ZJJ6QTR, STM32U5F9ZJT6Q, STM32U5G7VJT6, STM32U5G7VJT6Q, STM32U5G9BJY6QTR, STM32U5G9J-DK1, STM32U5G9J-DK2, STM32U5G9NJH6Q, STM32U5G9VJT6Q, STM32U5G9ZJJ6QTR, STM32U5G9ZJT6Q, STM32WB05KZV6TR, STM32WB05KZV7TR, STM32WB05TZF6TR, STM32WB05TZF7TR, STM32WB06CCF6TR, STM32WB06CCF7TR, STM32WB06CCV6TR, STM32WB06CCV7TR, STM32WB06KCV6TR, STM32WB06KCV7TR, STM32WB07CCF6TR, STM32WB07CCF7TR, STM32WB07CCV6TR, STM32WB07CCV7TR, STM32WB07KCV6TR, STM32WB07KCV7TR, STM32WB09KEV6TR, STM32WB09KEV7TR, STM32WB09TEF6TR, STM32WB09TEF7TR, STM32WB1MMCH6, STM32WBA50KGU6, STM32WBA50KGU6TR, STM32WBA52CEU6, STM32WBA52CEU6TR, STM32WBA52CEU7, STM32WBA52CEU7TR, STM32WBA52CGU6, STM32WBA52CGU6TR, STM32WBA52CGU6U, STM32WBA52CGU7, STM32WBA52CGU7TR, STM32WBA52KEU6, STM32WBA52KEU6TR, STM32WBA52KGU6, STM32WBA52KGU6TR, STM32WBA54CEU6, STM32WBA54CEU6TR, STM32WBA54CEU7, STM32WBA54CEU7TR, STM32WBA54CGU6, STM32WBA54CGU6TR, STM32WBA54CGU7, STM32WBA54CGU7TR, STM32WBA54KEU6, STM32WBA54KEU6TR, STM32WBA54KEU7, STM32WBA54KEU7TR, STM32WBA54KGU6, STM32WBA54KGU6TR, STM32WBA54KGU7, STM32WBA54KGU7TR, STM32WBA55CEU6, STM32WBA55CEU6TR, STM32WBA55CEU7, STM32WBA55CEU7TR, STM32WBA55CGU6, STM32WBA55CGU6TR, STM32WBA55CGU6U, STM32WBA55CGU7, STM32WBA55CGU7TR, STM32WBA55G-DK1, STM32WBA55HEF6, STM32WBA55HEF7, STM32WBA55HGF6, STM32WBA55HGF7, STM32WBA55UEI6, STM32WBA55UEI6TR, STM32WBA55UEI7, STM32WBA55UEI7TR, STM32WBA55UGI6, STM32WBA55UGI6TR, STM32WBA55UGI7, STM32WBA55UGI7TR, STM32WBA5MJGH6TR, STM32WBA5MJGH6U, STM32WL33C8V6, STM32WL33C8V6TR, STM32WL33C8V7, STM32WL33C8V7TR, STM32WL33CBV6, STM32WL33CBV6TR, STM32WL33CBV7, STM32WL33CBV7TR, STM32WL33CCV6, STM32WL33CCV6TR, STM32WL33CCV7, STM32WL33CCV7A, STM32WL33CCV7ATR, STM32WL33CCV7TR, STM32WL33K8V6, STM32WL33K8V6TR, STM32WL33K8V7, STM32WL33K8V7TR, STM32WL33KBV6, STM32WL33KBV6TR, STM32WL33KBV7, STM32WL33KBV7TR, STM32WL33KCV6, STM32WL33KCV6TR, STM32WL33KCV7, STM32WL33KCV7TR, STM32WL5MOCH6, STM32WL5MOCH6TR]
2025-03-04 20:08:45,413 [INFO] BoardInfo:889 - No configuration file found for board P-NUCLEO-WB55
2025-03-04 20:08:45,414 [INFO] DbBoards:161 - Kit is not supported: P-NUCLEO-WB55
2025-03-04 20:08:45,424 [INFO] BoardInfo:889 - No configuration file found for board STEVAL-BFA001V1B
2025-03-04 20:08:45,427 [INFO] DbBoards:161 - Kit is not supported: STEVAL-BFA001V1B
2025-03-04 20:08:45,428 [INFO] BoardInfo:889 - No configuration file found for board STEVAL-BFA001V2B
2025-03-04 20:08:45,429 [INFO] DbBoards:161 - Kit is not supported: STEVAL-BFA001V2B
2025-03-04 20:08:45,744 [INFO] DbBoards:168 - Found 209 boards, 206 are supported
2025-03-04 20:08:45,744 [INFO] DbBoards:169 - Found 209 boards, 42 of them is supported for  Bsp
2025-03-04 20:08:45,750 [INFO] ApiDb:668 - CubeFinder database Data Model version=2.1
2025-03-04 20:08:45,750 [INFO] ApiDb:669 - CubeFinder database Configuration version=3.0.39
2025-03-04 20:08:45,750 [INFO] ApiDb:670 - CubeFinder database generation date=2024-12-10 (1733817889)
2025-03-04 20:08:45,751 [INFO] ApiDb:671 - CubeFinder database FW Pack versions=[FP-ATR-ASTRA1_V2.0.0, FP-SNS-FLIGHT1_V5.0.2, FP-SNS-MOTENV1_V5.0.0, FP-SNS-MOTENVWB1_V1.4.0, FP-SNS-SMARTAG2_V1.2.0, FP-SNS-STBOX1_V2.0.0, STM32Cube_FW_C0_V1.3.0, STM32Cube_FW_F4_V1.28.1, STM32Cube_FW_F7_V1.17.2, STM32Cube_FW_G0_V1.6.2, STM32Cube_FW_G4_V1.6.1, STM32Cube_FW_H5_V1.4.0, STM32Cube_FW_H7RS_V1.1.0, STM32Cube_FW_H7_V1.12.0, STM32Cube_FW_L0_V1.12.2, STM32Cube_FW_L4_V1.18.1, STM32Cube_FW_L5_V1.5.1, STM32Cube_FW_N6_V1.0.0, STM32Cube_FW_U0_V1.2.0, STM32Cube_FW_U3_V1.0.0, STM32Cube_FW_U5_V1.7.0, STM32Cube_FW_WB0_V1.1.0, STM32Cube_FW_WBA_V1.5.0, STM32Cube_FW_WB_V1.21.0, STM32Cube_FW_WL3_V1.0.0, STM32Cube_FW_WL_V1.3.0, X-CUBE-ALGOBUILD_V1.4.0, X-CUBE-ALS_V1.0.2, X-CUBE-AZRTOS-F4_V1.1.0, X-CUBE-AZRTOS-F7_V1.1.0, X-CUBE-AZRTOS-G0_V1.1.0, X-CUBE-AZRTOS-G4_V2.0.0, X-CUBE-AZRTOS-H7RS_V1.0.0, X-CUBE-AZRTOS-H7_V3.3.0, X-CUBE-AZRTOS-L4_V2.0.0, X-CUBE-AZRTOS-L5_V2.0.0, X-CUBE-AZRTOS-WB_V2.0.0, X-CUBE-AZRTOS-WL_V2.0.0, X-CUBE-BLE1_V7.0.0, X-CUBE-BLE2_V3.3.0, X-CUBE-BLEMGR_V3.1.0, X-CUBE-EEPRMA1_V5.1.0, X-CUBE-FREERTOS_V1.2.0, X-CUBE-GNSS1_V6.0.0, X-CUBE-MEMS1_V11.0.0, X-CUBE-NFC4_V3.0.0, X-CUBE-NFC7_V1.0.1, X-CUBE-SFXS2LP1_V4.0.0, X-CUBE-SUBG2_V5.0.0, X-CUBE-TOF1_V3.4.2]
2025-03-04 20:08:49,653 [INFO] ApiDb:240 - Found 858 in-development CPN: [B-G473E-ZEST1S, B-WB1M-WPAN1, B-WBA5M-WPAN, B-WL5M-SUBG1, NUCLEO-C031C6, NUCLEO-C051C8, NUCLEO-C071RB, NUCLEO-C092RC, NUCLEO-H503RB, NUCLEO-H533RE, NUCLEO-H563ZI, NUCLEO-H7S3L8, NUCLEO-N657X0-Q, NUCLEO-U031R8, NUCLEO-U083RC, NUCLEO-U385RG-Q, NUCLEO-U545RE-Q, NUCLEO-U5A5ZJ-Q, NUCLEO-WB05KZ, NUCLEO-WB07CC, NUCLEO-WB09KE, NUCLEO-WBA52CG, NUCLEO-WBA55CG, NUCLEO-WL33CC1, NUCLEO-WL33CC2, STEVAL-PROTEUS1, STEVAL-SMARTAG2, STEVAL-STWINBX1, STM320518-EVAL, STM32C0116-DK, STM32C011D6Y3TR, STM32C011D6Y6TR, STM32C011F4P3, STM32C011F4P6, STM32C011F4U3, STM32C011F4U6TR, STM32C011F6P3, STM32C011F6P6, STM32C011F6U3, STM32C011F6U6TR, STM32C011J4M3, STM32C011J4M6, STM32C011J6M3, STM32C011J6M6, STM32C0316-DK, STM32C031C4T3, STM32C031C4T6, STM32C031C4U3, STM32C031C4U6, STM32C031C6T3, STM32C031C6T6, STM32C031C6U3, STM32C031C6U6, STM32C031F4P3, STM32C031F4P6, STM32C031F6P3, STM32C031F6P6, STM32C031G4U3, STM32C031G4U6, STM32C031G6U3, STM32C031G6U6, STM32C031K4T3, STM32C031K4T6, STM32C031K4U3, STM32C031K4U6, STM32C031K6T3, STM32C031K6T6, STM32C031K6U3, STM32C031K6U6, STM32C051C6T6, STM32C051C6U6, STM32C051C8T6, STM32C051C8U6, STM32C051D8Y6TR, STM32C051F6P6, STM32C051F8P6, STM32C051G6U6, STM32C051G8U6, STM32C051K6T6, STM32C051K6U6, STM32C051K8T6, STM32C071C8T6, STM32C071C8T6N, STM32C071C8U6, STM32C071C8U6N, STM32C071CBT6, STM32C071CBT6N, STM32C071CBU6, STM32C071CBU6N, STM32C071F8P6, STM32C071F8P6N, STM32C071FBP6, STM32C071FBP6N, STM32C071FBY6TR, STM32C071G8U6, STM32C071G8U6N, STM32C071GBU6, STM32C071GBU6N, STM32C071K8T6, STM32C071K8T6N, STM32C071K8U6, STM32C071K8U6N, STM32C071KBT6, STM32C071KBT6N, STM32C071KBU6, STM32C071KBU6N, STM32C071R8T6, STM32C071R8T6N, STM32C071RBI6N, STM32C071RBT6, STM32C071RBT6N, STM32C091CBT6, STM32C091CBU6, STM32C091CCT6, STM32C091CCU6, STM32C091ECY6TR, STM32C091FBP6, STM32C091FCP6, STM32C091GBU6, STM32C091GCU6, STM32C091KBT6, STM32C091KBU6, STM32C091KCT6, STM32C091KCU6, STM32C091RBT6, STM32C091RCI6, STM32C091RCT6, STM32C092CBT6, STM32C092CBU6, STM32C092CCT6, STM32C092CCU6, STM32C092ECY6TR, STM32C092FBP6, STM32C092FCP6, STM32C092GBU6, STM32C092GCU6, STM32C092KBT6, STM32C092KBU6, STM32C092KCT6, STM32C092KCU6, STM32C092RBT6, STM32C092RCI6, STM32C092RCT6, STM32G071K8TXN, STM32G071K8UXN, STM32G081GBU6N, STM32G081KBT6N, STM32G081KBUXN, STM32G0B1CCT6N, STM32G0B1KCT6, STM32G0B1NEY6TR, STM32G0B1RCT6N, STM32G0C1CCT6, STM32G0C1CCT6N, STM32G0C1CCU6N, STM32G0C1CET6N, STM32G0C1CEU6N, STM32G0C1KCT6, STM32G0C1NEY6TR, STM32G0C1RCI6N, STM32G0C1RCT6N, STM32G0C1REI6N, STM32G0C1RET6N, STM32G0C1VCI6, STM32G0C1VEI6, STM32G411C6T3, STM32G411C6T6, STM32G411C6U3, STM32G411C6U6, STM32G411C8T3, STM32G411C8T6, STM32G411C8U3, STM32G411C8U6, STM32G411CBT3, STM32G411CBT6, STM32G411CBU3, STM32G411CBU6, STM32G411CCT3, STM32G411CCT6, STM32G411CCU3, STM32G411CCU6, STM32G411K6T3, STM32G411K6T6, STM32G411K6U3, STM32G411K6U6, STM32G411K8T3, STM32G411K8T6, STM32G411K8U3, STM32G411K8U6, STM32G411KBT3, STM32G411KBT6, STM32G411KBU3, STM32G411KBU6, STM32G411M6T3, STM32G411M6T6, STM32G411M8T3, STM32G411M8T6, STM32G411MBT3, STM32G411MBT6, STM32G411MCT3, STM32G411MCT6, STM32G411R6T3, STM32G411R6T6, STM32G411R8T3, STM32G411R8T6, STM32G411RBT3, STM32G411RBT6, STM32G411RCT3, STM32G411RCT6, STM32G414CBT3, STM32G414CBT6, STM32G414CBU3, STM32G414CBU6, STM32G414CCT3, STM32G414CCT6, STM32G414CCU3, STM32G414CCU6, STM32G414MBT3, STM32G414MBT6, STM32G414MCT3, STM32G414MCT6, STM32G414RBT3, STM32G414RBT6, STM32G414RCT3, STM32G414RCT6, STM32G414VBT3, STM32G414VBT6, STM32G414VCT3, STM32G414VCT6, STM32G431CBT3Z, STM32G431RBT3Z, STM32G471CCT6, STM32G471CCU6, STM32G471CET3, STM32G471CET6, STM32G471CEU3, STM32G471CEU6, STM32G471MCT6, STM32G471MET3, STM32G471MET6, STM32G471MEY6TR, STM32G471QCT6, STM32G471QET3, STM32G471RCT6, STM32G471RET3, STM32G471RET6, STM32G471VCH6, STM32G471VCI6, STM32G471VCT6, STM32G471VEH3, STM32G471VEH6, STM32G471VEI3, STM32G471VEI6, STM32G471VET3, STM32G471VET6, STM32G473QET3Z, STM32G473RET3Z, STM32G474CCT6, STM32G491RET3Z, STM32H503CBT6, STM32H503CBU6, STM32H503EBY6TR, STM32H503KBU6, STM32H503RBT6, STM32H523CCT6, STM32H523CCU6, STM32H523CET6, STM32H523CEU6, STM32H523HEY6TR, STM32H523RCT6, STM32H523RET6, STM32H523VCI6, STM32H523VCT6, STM32H523VEI6, STM32H523VET6, STM32H523ZCJ6, STM32H523ZCT6, STM32H523ZEJ6, STM32H523ZET6, STM32H533CET6, STM32H533CEU6, STM32H533HEY6TR, STM32H533RET6, STM32H533VEI6, STM32H533VET6, STM32H533ZEJ6, STM32H533ZET6, STM32H562AGI6, STM32H562AII6, STM32H562IGK6, STM32H562IGT6, STM32H562IIK6, STM32H562IIT6, STM32H562RGT6, STM32H562RGV6, STM32H562RIT6, STM32H562RIV6, STM32H562VGT6, STM32H562VIT6, STM32H562ZGT6, STM32H562ZIT6, STM32H563AGI6, STM32H563AII3Q, STM32H563AII6, STM32H563IGK6, STM32H563IGT6, STM32H563IIK3Q, STM32H563IIK6, STM32H563IIT3Q, STM32H563IIT6, STM32H563MIY3QTR, STM32H563RGT6, STM32H563RGV6, STM32H563RIT6, STM32H563RIV6, STM32H563VGT6, STM32H563VIT3Q, STM32H563VIT6, STM32H563ZGT6, STM32H563ZIT3Q, STM32H563ZIT6, STM32H573AII3Q, STM32H573AII6, STM32H573I-DK, STM32H573IIK3Q, STM32H573IIK6, STM32H573IIT3Q, STM32H573IIT6, STM32H573MIY3QTR, STM32H573RIT6, STM32H573RIV6, STM32H573VIT3Q, STM32H573VIT6, STM32H573ZIT3Q, STM32H573ZIT6, STM32H7R3A8I6, STM32H7R3I8K6, STM32H7R3I8T6, STM32H7R3L8H6, STM32H7R3L8H6H, STM32H7R3R8V6, STM32H7R3V8H6, STM32H7R3V8T6, STM32H7R3V8Y6TR, STM32H7R3Z8J6, STM32H7R3Z8T6, STM32H7R7A8I6, STM32H7R7I8K6, STM32H7R7I8T6, STM32H7R7L8H6, STM32H7R7L8H6H, STM32H7R7Z8J6, STM32H7S3A8I6, STM32H7S3I8K6, STM32H7S3I8T6, STM32H7S3L8H6, STM32H7S3L8H6H, STM32H7S3R8V6, STM32H7S3V8H6, STM32H7S3V8T6, STM32H7S3V8Y6TR, STM32H7S3Z8J6, STM32H7S3Z8T6, STM32H7S78-DK, STM32H7S7A8I6, STM32H7S7I8K6, STM32H7S7I8T6, STM32H7S7L8H6, STM32H7S7L8H6H, STM32H7S7Z8J6, STM32L4R5QGI6STR, STM32MP131AAE3, STM32MP131AAF3, STM32MP131AAG3, STM32MP131CAE3, STM32MP131CAF3, STM32MP131CAG3, STM32MP131DAE7, STM32MP131DAF7, STM32MP131DAG7, STM32MP131FAE7, STM32MP131FAF7, STM32MP131FAG7, STM32MP133AAE3, STM32MP133AAF3, STM32MP133AAG3, STM32MP133CAE3, STM32MP133CAF3, STM32MP133CAG3, STM32MP133DAE7, STM32MP133DAF7, STM32MP133DAG7, STM32MP133FAE7, STM32MP133FAF7, STM32MP133FAG7, STM32MP135AAE3, STM32MP135AAF3, STM32MP135AAG3, STM32MP135CAE3, STM32MP135CAF3, STM32MP135CAG3, STM32MP135DAE7, STM32MP135DAF7, STM32MP135DAG7, STM32MP135F-DK, STM32MP135FAE7, STM32MP135FAF7, STM32MP135FAF7T, STM32MP135FAF7U, STM32MP135FAG7, STM32MP231AAJ3, STM32MP231AAK3, STM32MP231AAL3, STM32MP231CAJ3, STM32MP231CAK3, STM32MP231CAL3, STM32MP231DAJ3, STM32MP231DAK3, STM32MP231DAL3, STM32MP231FAJ3, STM32MP231FAK3, STM32MP231FAL3, STM32MP233AAJ3, STM32MP233AAK3, STM32MP233AAL3, STM32MP233CAJ3, STM32MP233CAK3, STM32MP233CAL3, STM32MP233DAJ3, STM32MP233DAK3, STM32MP233DAL3, STM32MP233FAJ3, STM32MP233FAK3, STM32MP233FAL3, STM32MP235AAJ3, STM32MP235AAK3, STM32MP235AAL3, STM32MP235CAJ3, STM32MP235CAK3, STM32MP235CAL3, STM32MP235DAJ3, STM32MP235DAK3, STM32MP235DAL3, STM32MP235FAJ3, STM32MP235FAK3, STM32MP235FAL3, STM32MP251AAI3, STM32MP251AAJ3, STM32MP251AAK3, STM32MP251AAL3, STM32MP251CAI3, STM32MP251CAJ3, STM32MP251CAK3, STM32MP251CAL3, STM32MP251DAI3, STM32MP251DAJ3, STM32MP251DAK3, STM32MP251DAL3, STM32MP251FAI3, STM32MP251FAJ3, STM32MP251FAK3, STM32MP251FAL3, STM32MP253AAI3, STM32MP253AAJ3, STM32MP253AAK3, STM32MP253AAL3, STM32MP253CAI3, STM32MP253CAJ3, STM32MP253CAK3, STM32MP253CAL3, STM32MP253DAI3, STM32MP253DAJ3, STM32MP253DAK3, STM32MP253DAL3, STM32MP253FAI3, STM32MP253FAJ3, STM32MP253FAK3, STM32MP253FAL3, STM32MP255AAI3, STM32MP255AAJ3, STM32MP255AAK3, STM32MP255AAL3, STM32MP255CAI3, STM32MP255CAJ3, STM32MP255CAK3, STM32MP255CAL3, STM32MP255DAI3, STM32MP255DAJ3, STM32MP255DAK3, STM32MP255DAL3, STM32MP255FAI3, STM32MP255FAJ3, STM32MP255FAK3, STM32MP255FAL3, STM32MP257AAI3, STM32MP257AAJ3, STM32MP257AAK3, STM32MP257AAL3, STM32MP257CAI3, STM32MP257CAJ3, STM32MP257CAK3, STM32MP257CAL3, STM32MP257DAI3, STM32MP257DAJ3, STM32MP257DAK3, STM32MP257DAL3, STM32MP257F-DK, STM32MP257F-EV1, STM32MP257FAI3, STM32MP257FAJ3, STM32MP257FAK3, STM32MP257FAL3, STM32N645A0H3Q, STM32N645B0H3Q, STM32N645I0H3Q, STM32N645L0H3Q, STM32N645X0H3Q, STM32N645Z0H3Q, STM32N647A0H3Q, STM32N647B0H3Q, STM32N647I0H3Q, STM32N647L0H3Q, STM32N647X0H3Q, STM32N647Z0H3Q, STM32N655A0H3Q, STM32N655B0H3Q, STM32N655I0H3Q, STM32N655L0H3Q, STM32N655X0H3Q, STM32N655Z0H3Q, STM32N6570-DK, STM32N657A0H3Q, STM32N657B0H3Q, STM32N657I0H3Q, STM32N657L0H3Q, STM32N657X0H3Q, STM32N657Z0H3Q, STM32U031C6T6, STM32U031C6U6, STM32U031C8T6, STM32U031C8U6, STM32U031F4P6, STM32U031F6P6, STM32U031F8P6, STM32U031G6Y6TR, STM32U031G8Y6TR, STM32U031K4U6, STM32U031K6U6, STM32U031K8U6, STM32U031R6I6, STM32U031R6T6, STM32U031R8I6, STM32U031R8T6, STM32U073C8T6, STM32U073C8U6, STM32U073CBT6, STM32U073CBU6, STM32U073CCT6, STM32U073CCU6, STM32U073H8Y6TR, STM32U073HBY6TR, STM32U073HCY6TR, STM32U073K8U6, STM32U073KBU6, STM32U073KCU6, STM32U073M8I6, STM32U073M8T6, STM32U073MBI6, STM32U073MBT6, STM32U073MCI6, STM32U073MCT6, STM32U073R8I6, STM32U073R8T6, STM32U073RBI6, STM32U073RBT6, STM32U073RCI6, STM32U073RCT6, STM32U083C-DK, STM32U083CCT6, STM32U083CCU6, STM32U083HCY6TR, STM32U083KCU6, STM32U083MCI6, STM32U083MCT6, STM32U083RCI6, STM32U083RCT6, STM32U375CET6, STM32U375CET6Q, STM32U375CEU6, STM32U375CEU6Q, STM32U375CEY6QTR, STM32U375CGT6, STM32U375CGT6Q, STM32U375CGU6, STM32U375CGU6Q, STM32U375CGY6QTR, STM32U375KEU6, STM32U375KGU6, STM32U375REI6, STM32U375REI6Q, STM32U375RET6, STM32U375RET6Q, STM32U375REY6GTR, STM32U375REY6QTR, STM32U375RGI6, STM32U375RGI6Q, STM32U375RGT6, STM32U375RGT6Q, STM32U375RGY6GTR, STM32U375RGY6QTR, STM32U375VEI6, STM32U375VEI6Q, STM32U375VET6, STM32U375VET6Q, STM32U375VGI6, STM32U375VGI6Q, STM32U375VGT6, STM32U375VGT6Q, STM32U385CGT6, STM32U385CGT6Q, STM32U385CGU6, STM32U385CGU6Q, STM32U385CGY6QTR, STM32U385KGU6, STM32U385RGI6, STM32U385RGI6Q, STM32U385RGT6, STM32U385RGT6Q, STM32U385RGY6GTR, STM32U385RGY6QTR, STM32U385VGI6, STM32U385VGI6Q, STM32U385VGT6, STM32U385VGT6Q, STM32U535CBT6, STM32U535CBT6Q, STM32U535CBU6, STM32U535CBU6Q, STM32U535CCT6, STM32U535CCT6Q, STM32U535CCU6, STM32U535CCU6Q, STM32U535CET6, STM32U535CET6Q, STM32U535CEU6, STM32U535CEU6Q, STM32U535JEY6QTR, STM32U535NCY6QTR, STM32U535NEY6QTR, STM32U535RBI6, STM32U535RBI6Q, STM32U535RBT6, STM32U535RBT6Q, STM32U535RCI6, STM32U535RCI6Q, STM32U535RCT6, STM32U535RCT6Q, STM32U535REI6, STM32U535REI6Q, STM32U535RET6, STM32U535RET6Q, STM32U535VCI6, STM32U535VCI6Q, STM32U535VCT6, STM32U535VCT6Q, STM32U535VEI6, STM32U535VEI6Q, STM32U535VET6, STM32U535VET6Q, STM32U545CET6, STM32U545CET6Q, STM32U545CEU6, STM32U545CEU6Q, STM32U545JEY6QTR, STM32U545NEY6QTR, STM32U545REI6, STM32U545REI6Q, STM32U545RET6, STM32U545RET6Q, STM32U545VEI6, STM32U545VEI6Q, STM32U545VET6, STM32U545VET6Q, STM32U595AIH6, STM32U595AIH6Q, STM32U595AJH6, STM32U595AJH6Q, STM32U595QII6, STM32U595QII6Q, STM32U595QJI6, STM32U595QJI6Q, STM32U595RIT6, STM32U595RIT6Q, STM32U595RJT6, STM32U595RJT6Q, STM32U595VIT6, STM32U595VIT6Q, STM32U595VJT6, STM32U595VJT6Q, STM32U595ZIT6, STM32U595ZIT6Q, STM32U595ZIY6QTR, STM32U595ZJT6, STM32U595ZJT6Q, STM32U595ZJY6QTR, STM32U599BJY6QTR, STM32U599NIH6Q, STM32U599NJH6Q, STM32U599VIT6Q, STM32U599VJT6, STM32U599VJT6Q, STM32U599ZIT6Q, STM32U599ZIY6QTR, STM32U599ZJT6Q, STM32U599ZJY6QTR, STM32U5A5AJH6, STM32U5A5AJH6Q, STM32U5A5QII3Q , STM32U5A5QJI6, STM32U5A5QJI6Q, STM32U5A5RJT6, STM32U5A5RJT6Q, STM32U5A5VJT6, STM32U5A5VJT6Q, STM32U5A5ZJT6, STM32U5A5ZJT6Q, STM32U5A5ZJY6QTR, STM32U5A9BJY6QTR, STM32U5A9J-DK, STM32U5A9NJH6Q, STM32U5A9VJT6Q, STM32U5A9ZJT6Q, STM32U5A9ZJY6QTR, STM32U5F7VIT6, STM32U5F7VIT6Q, STM32U5F7VJT6, STM32U5F7VJT6Q, STM32U5F9BJY6QTR, STM32U5F9NJH6Q, STM32U5F9VIT6Q, STM32U5F9VJT6Q, STM32U5F9ZIJ6QTR, STM32U5F9ZIT6Q, STM32U5F9ZJJ6QTR, STM32U5F9ZJT6Q, STM32U5G7VJT6, STM32U5G7VJT6Q, STM32U5G9BJY6QTR, STM32U5G9J-DK1, STM32U5G9J-DK2, STM32U5G9NJH6Q, STM32U5G9VJT6Q, STM32U5G9ZJJ6QTR, STM32U5G9ZJT6Q, STM32WB05KZV6TR, STM32WB05KZV7TR, STM32WB05TZF6TR, STM32WB05TZF7TR, STM32WB06CCF6TR, STM32WB06CCF7TR, STM32WB06CCV6TR, STM32WB06CCV7TR, STM32WB06KCV6TR, STM32WB06KCV7TR, STM32WB07CCF6TR, STM32WB07CCF7TR, STM32WB07CCV6TR, STM32WB07CCV7TR, STM32WB07KCV6TR, STM32WB07KCV7TR, STM32WB09KEV6TR, STM32WB09KEV7TR, STM32WB09TEF6TR, STM32WB09TEF7TR, STM32WB1MMCH6, STM32WBA50KGU6, STM32WBA50KGU6TR, STM32WBA52CEU6, STM32WBA52CEU6TR, STM32WBA52CEU7, STM32WBA52CEU7TR, STM32WBA52CGU6, STM32WBA52CGU6TR, STM32WBA52CGU6U, STM32WBA52CGU7, STM32WBA52CGU7TR, STM32WBA52KEU6, STM32WBA52KEU6TR, STM32WBA52KGU6, STM32WBA52KGU6TR, STM32WBA54CEU6, STM32WBA54CEU6TR, STM32WBA54CEU7, STM32WBA54CEU7TR, STM32WBA54CGU6, STM32WBA54CGU6TR, STM32WBA54CGU7, STM32WBA54CGU7TR, STM32WBA54KEU6, STM32WBA54KEU6TR, STM32WBA54KEU7, STM32WBA54KEU7TR, STM32WBA54KGU6, STM32WBA54KGU6TR, STM32WBA54KGU7, STM32WBA54KGU7TR, STM32WBA55CEU6, STM32WBA55CEU6TR, STM32WBA55CEU7, STM32WBA55CEU7TR, STM32WBA55CGU6, STM32WBA55CGU6TR, STM32WBA55CGU6U, STM32WBA55CGU7, STM32WBA55CGU7TR, STM32WBA55G-DK1, STM32WBA55HEF6, STM32WBA55HEF7, STM32WBA55HGF6, STM32WBA55HGF7, STM32WBA55UEI6, STM32WBA55UEI6TR, STM32WBA55UEI7, STM32WBA55UEI7TR, STM32WBA55UGI6, STM32WBA55UGI6TR, STM32WBA55UGI7, STM32WBA55UGI7TR, STM32WBA5MJGH6TR, STM32WBA5MJGH6U, STM32WL33C8V6, STM32WL33C8V6TR, STM32WL33C8V7, STM32WL33C8V7TR, STM32WL33CBV6, STM32WL33CBV6TR, STM32WL33CBV7, STM32WL33CBV7TR, STM32WL33CCV6, STM32WL33CCV6TR, STM32WL33CCV7, STM32WL33CCV7A, STM32WL33CCV7ATR, STM32WL33CCV7TR, STM32WL33K8V6, STM32WL33K8V6TR, STM32WL33K8V7, STM32WL33K8V7TR, STM32WL33KBV6, STM32WL33KBV6TR, STM32WL33KBV7, STM32WL33KBV7TR, STM32WL33KCV6, STM32WL33KCV6TR, STM32WL33KCV7, STM32WL33KCV7TR, STM32WL5MOCH6, STM32WL5MOCH6TR]
2025-03-04 20:08:49,663 [INFO] DbMcus:218 - Found 4545 MCUs, 4545 are supported
2025-03-04 20:08:49,666 [INFO] ApiDb:423 - Load user favorites file C:\Users\corre/.stm32cubeide/favorites.mcus.txt: 0 item(s)
2025-03-04 20:08:49,668 [INFO] ApiDb:427 - User favorites MCUs=[]
2025-03-04 20:08:49,668 [INFO] DbMcus:224 - Set 0 / 0 favorites MCUs
2025-03-04 20:08:50,432 [INFO] ApiDb:423 - Load user favorites file C:\Users\corre/.stm32cubeide/favorites.boards.txt: 0 item(s)
2025-03-04 20:08:50,432 [INFO] ApiDb:427 - User favorites Boards=[]
2025-03-04 20:08:50,433 [INFO] DbBoards:198 - Set 0 / 0 favorites Boards
2025-03-04 20:08:50,490 [INFO] UtilMem:75 - End LoadConfig() Used Memory: 711980928 Bytes (1016070144)
2025-03-04 20:08:50,803 [WARN] ThirdParty:833 - waiting for thirdparty lock release [change project]
2025-03-04 20:08:50,804 [INFO] ThirdParty:835 - entering critical section [change project]
2025-03-04 20:08:50,804 [INFO] ThirdParty:1030 - CMSIS Pack Vendor :STMicroelectronics USBPD 4.1
2025-03-04 20:08:50,804 [INFO] ThirdParty:1030 - CMSIS Pack Vendor :STMicroelectronics X-CUBE-AZRTOS-H7 3.3.0
2025-03-04 20:08:50,805 [INFO] ThirdParty:1030 - CMSIS Pack Vendor :STMicroelectronics X-CUBE-NFC9 1.0.0
2025-03-04 20:08:50,805 [INFO] ThirdParty:1030 - CMSIS Pack Vendor :STMicroelectronics USB_HOST 2.0.0
2025-03-04 20:08:50,805 [INFO] ThirdParty:1030 - CMSIS Pack Vendor :STMicroelectronics FP-SNS-MOTENVWB1 1.4.0
2025-03-04 20:08:50,805 [INFO] ThirdParty:1030 - CMSIS Pack Vendor :STMicroelectronics X-CUBE-AZRTOS-F4 1.1.0
2025-03-04 20:08:50,805 [INFO] ThirdParty:1030 - CMSIS Pack Vendor :STMicroelectronics LIBJPEG 8.0.0
2025-03-04 20:08:50,805 [INFO] ThirdParty:1030 - CMSIS Pack Vendor :STMicroelectronics FP-ATR-ASTRA1 2.0.2
2025-03-04 20:08:50,805 [INFO] ThirdParty:1030 - CMSIS Pack Vendor :STMicroelectronics FP-ATR-ASTRA1 2.0.1
2025-03-04 20:08:50,805 [INFO] ThirdParty:1030 - CMSIS Pack Vendor :STMicroelectronics X-CUBE-BLE1 7.1.0
2025-03-04 20:08:50,805 [INFO] ThirdParty:1030 - CMSIS Pack Vendor :STMicroelectronics X-CUBE-SMBUS 2.1.0
2025-03-04 20:08:50,805 [INFO] ThirdParty:1030 - CMSIS Pack Vendor :STMicroelectronics X-CUBE-WB05N 1.1.0
2025-03-04 20:08:50,805 [INFO] ThirdParty:1030 - CMSIS Pack Vendor :STMicroelectronics USB_DEVICE 3.0.0
2025-03-04 20:08:50,805 [INFO] ThirdParty:1030 - CMSIS Pack Vendor :STMicroelectronics X-CUBE-TCPP 4.1.0
2025-03-04 20:08:50,805 [INFO] ThirdParty:1030 - CMSIS Pack Vendor :STMicroelectronics X-CUBE-ISPU 2.1.0
2025-03-04 20:08:50,806 [INFO] ThirdParty:1030 - CMSIS Pack Vendor :STMicroelectronics X-CUBE-FREERTOS 1.2.0
2025-03-04 20:08:50,806 [INFO] ThirdParty:1030 - CMSIS Pack Vendor :STMicroelectronics X-CUBE-IPS 3.0.0
2025-03-04 20:08:50,806 [INFO] ThirdParty:1030 - CMSIS Pack Vendor :STMicroelectronics X-CUBE-AZRTOS-WB 2.0.0
2025-03-04 20:08:50,806 [INFO] ThirdParty:1030 - CMSIS Pack Vendor :STMicroelectronics X-CUBE-GNSS1 7.0.0
2025-03-04 20:08:50,806 [INFO] ThirdParty:1030 - CMSIS Pack Vendor :STMicroelectronics X-CUBE-GNSS1 7.0.1
2025-03-04 20:08:50,806 [INFO] ThirdParty:1030 - CMSIS Pack Vendor :STMicroelectronics X-CUBE-AZRTOS-F7 1.1.0
2025-03-04 20:08:50,806 [INFO] ThirdParty:1030 - CMSIS Pack Vendor :STMicroelectronics X-CUBE-AZRTOS-L5 2.0.0
2025-03-04 20:08:50,806 [INFO] ThirdParty:1030 - CMSIS Pack Vendor :STMicroelectronics USB_DEVICE 2.0.0
2025-03-04 20:08:50,806 [INFO] ThirdParty:1030 - CMSIS Pack Vendor :STMicroelectronics X-CUBE-NFC6 3.1.0
2025-03-04 20:08:50,806 [INFO] ThirdParty:1030 - CMSIS Pack Vendor :STMicroelectronics FP-SNS-STBOX1 2.0.0
2025-03-04 20:08:50,806 [INFO] ThirdParty:1030 - CMSIS Pack Vendor :STMicroelectronics X-CUBE-MEMS1 11.0.0
2025-03-04 20:08:50,806 [INFO] ThirdParty:1030 - CMSIS Pack Vendor :STMicroelectronics FreeRTOS 0.0.1
2025-03-04 20:08:50,806 [INFO] ThirdParty:1030 - CMSIS Pack Vendor :STMicroelectronics X-CUBE-AZRTOS-G0 1.1.0
2025-03-04 20:08:50,806 [INFO] ThirdParty:1030 - CMSIS Pack Vendor :STMicroelectronics X-CUBE-SAFEA1 1.2.2
2025-03-04 20:08:50,806 [INFO] ThirdParty:1030 - CMSIS Pack Vendor :STMicroelectronics X-CUBE-NFC4 3.0.0
2025-03-04 20:08:50,806 [INFO] ThirdParty:1030 - CMSIS Pack Vendor :STMicroelectronics X-CUBE-DPower 1.2.0
2025-03-04 20:08:50,807 [INFO] ThirdParty:1030 - CMSIS Pack Vendor :STMicroelectronics X-CUBE-SUBG2 5.0.0
2025-03-04 20:08:50,807 [INFO] ThirdParty:1030 - CMSIS Pack Vendor :STMicroelectronics STM32_WPAN 1.0.0
2025-03-04 20:08:50,807 [INFO] ThirdParty:1030 - CMSIS Pack Vendor :EmbeddedOffice I-CUBE-FS-RTOS 1.0.1
2025-03-04 20:08:50,807 [INFO] ThirdParty:1030 - CMSIS Pack Vendor :STMicroelectronics lwIP 2.0.3
2025-03-04 20:08:50,807 [INFO] ThirdParty:1030 - CMSIS Pack Vendor :STMicroelectronics FP-SNS-FLIGHT1 5.0.2
2025-03-04 20:08:50,807 [INFO] ThirdParty:1030 - CMSIS Pack Vendor :Cesanta I-CUBE-Mongoose 7.13.0
2025-03-04 20:08:50,807 [INFO] ThirdParty:1030 - CMSIS Pack Vendor :STMicroelectronics USB_HOST 1.0.0
2025-03-04 20:08:50,808 [INFO] ThirdParty:1030 - CMSIS Pack Vendor :STMicroelectronics X-CUBE-AI 9.0.0
2025-03-04 20:08:50,808 [INFO] ThirdParty:1030 - CMSIS Pack Vendor :STMicroelectronics X-CUBE-AZRTOS-G4 2.0.0
2025-03-04 20:08:50,808 [INFO] ThirdParty:1030 - CMSIS Pack Vendor :STMicroelectronics PDM2PCM 3.1.0
2025-03-04 20:08:50,808 [INFO] ThirdParty:1030 - CMSIS Pack Vendor :STMicroelectronics PDM2PCM 3.3.0
2025-03-04 20:08:50,808 [INFO] ThirdParty:1030 - CMSIS Pack Vendor :STMicroelectronics X-CUBE-DISPLAY 3.0.0
2025-03-04 20:08:50,809 [INFO] ThirdParty:1030 - CMSIS Pack Vendor :STMicroelectronics X-CUBE-TCPP 4.2.0
2025-03-04 20:08:50,809 [INFO] ThirdParty:1030 - CMSIS Pack Vendor :RealThread X-CUBE-RT-Thread_Nano 4.1.1
2025-03-04 20:08:50,809 [INFO] ThirdParty:1030 - CMSIS Pack Vendor :STMicroelectronics X-CUBE-BLE1 7.0.0
2025-03-04 20:08:50,809 [INFO] ThirdParty:1030 - CMSIS Pack Vendor :STMicroelectronics FP-ATR-SIGFOX1 3.2.0
2025-03-04 20:08:50,809 [INFO] ThirdParty:1030 - CMSIS Pack Vendor :STMicroelectronics X-CUBE-NFC10 1.0.0
2025-03-04 20:08:50,809 [INFO] ThirdParty:1030 - CMSIS Pack Vendor :wolfSSL I-CUBE-wolfSSL 5.7.2
2025-03-04 20:08:50,809 [INFO] ThirdParty:1030 - CMSIS Pack Vendor :quantropi X-CUBE-qispace-sdk-base 1.9.3
2025-03-04 20:08:50,809 [INFO] ThirdParty:1030 - CMSIS Pack Vendor :STMicroelectronics X-CUBE-ISPU 2.0.0
2025-03-04 20:08:50,809 [INFO] ThirdParty:1030 - CMSIS Pack Vendor :STMicroelectronics X-CUBE-BLEMGR 4.0.0
2025-03-04 20:08:50,810 [INFO] ThirdParty:1030 - CMSIS Pack Vendor :STMicroelectronics X-CUBE-EEPRMA1 5.1.0
2025-03-04 20:08:50,810 [INFO] ThirdParty:1030 - CMSIS Pack Vendor :STMicroelectronics HAL Drivers 0.0.0
2025-03-04 20:08:50,810 [INFO] ThirdParty:1030 - CMSIS Pack Vendor :STMicroelectronics MBEDTLS 2.16.2
2025-03-04 20:08:50,810 [INFO] ThirdParty:1030 - CMSIS Pack Vendor :STMicroelectronics X-CUBE-IPS 3.1.0
2025-03-04 20:08:50,810 [INFO] ThirdParty:1030 - CMSIS Pack Vendor :STMicroelectronics X-CUBE-ALS 1.0.2
2025-03-04 20:08:50,810 [INFO] ThirdParty:1030 - CMSIS Pack Vendor :emotas I-CUBE-CANOPEN 1.3.0
2025-03-04 20:08:50,810 [INFO] ThirdParty:1030 - CMSIS Pack Vendor :STMicroelectronics X-CUBE-FREERTOS 1.3.0
2025-03-04 20:08:50,810 [INFO] ThirdParty:1030 - CMSIS Pack Vendor :STMicroelectronics X-CUBE-NFC7 1.0.1
2025-03-04 20:08:50,810 [INFO] ThirdParty:1030 - CMSIS Pack Vendor :STMicroelectronics MBEDTLS 2.14.1
2025-03-04 20:08:50,810 [INFO] ThirdParty:1030 - CMSIS Pack Vendor :STMicroelectronics X-CUBE-TOUCHGFX 4.24.0
2025-03-04 20:08:50,810 [INFO] ThirdParty:1030 - CMSIS Pack Vendor :ITTIA_DB I-CUBE-ITTIADB 8.9.0
2025-03-04 20:08:50,810 [INFO] ThirdParty:1030 - CMSIS Pack Vendor :STMicroelectronics X-CUBE-TOUCHGFX 4.24.2
2025-03-04 20:08:50,810 [INFO] ThirdParty:1030 - CMSIS Pack Vendor :STMicroelectronics X-CUBE-TOUCHGFX 4.24.1
2025-03-04 20:08:50,810 [INFO] ThirdParty:1030 - CMSIS Pack Vendor :wolfSSL I-CUBE-wolfTPM 3.4.0
2025-03-04 20:08:50,811 [INFO] ThirdParty:1030 - CMSIS Pack Vendor :portGmbH I-Cube-SoM-uGOAL 1.1.0
2025-03-04 20:08:50,811 [INFO] ThirdParty:1030 - CMSIS Pack Vendor :STMicroelectronics X-CUBE-BLEMGR 3.1.0
2025-03-04 20:08:50,811 [INFO] ThirdParty:1030 - CMSIS Pack Vendor :STMicroelectronics X-CUBE-AI 10.0.0
2025-03-04 20:08:50,811 [INFO] ThirdParty:1030 - CMSIS Pack Vendor :STMicroelectronics ThreadX 1.0.0
2025-03-04 20:08:50,811 [INFO] ThirdParty:1030 - CMSIS Pack Vendor :STMicroelectronics FP-SNS-SMARTAG2 1.2.0
2025-03-04 20:08:50,811 [INFO] ThirdParty:1030 - CMSIS Pack Vendor :STMicroelectronics X-CUBE-MEMS1 11.1.0
2025-03-04 20:08:50,811 [INFO] ThirdParty:1030 - CMSIS Pack Vendor :STMicroelectronics X-CUBE-AZRTOS-WL 2.0.0
2025-03-04 20:08:50,811 [INFO] ThirdParty:1030 - CMSIS Pack Vendor :SEGGER I-CUBE-embOS 1.3.1
2025-03-04 20:08:50,811 [INFO] ThirdParty:1030 - CMSIS Pack Vendor :STMicroelectronics X-CUBE-ALGOBUILD 1.4.0
2025-03-04 20:08:50,811 [INFO] ThirdParty:1030 - CMSIS Pack Vendor :STMicroelectronics FP-SNS-MOTENV1 5.0.0
2025-03-04 20:08:50,811 [INFO] ThirdParty:1030 - CMSIS Pack Vendor :STMicroelectronics USB_DEVICE 1.0.0
2025-03-04 20:08:50,811 [INFO] ThirdParty:1030 - CMSIS Pack Vendor :STMicroelectronics X-CUBE-AZRTOS-H7RS 1.0.0
2025-03-04 20:08:50,811 [INFO] ThirdParty:1030 - CMSIS Pack Vendor :wolfSSL I-CUBE-wolfMQTT 1.19.0
2025-03-04 20:08:50,811 [INFO] ThirdParty:1030 - CMSIS Pack Vendor :STMicroelectronics X-CUBE-AZRTOS-L4 2.0.0
2025-03-04 20:08:50,811 [INFO] ThirdParty:1030 - CMSIS Pack Vendor :STMicroelectronics ThreadX 0.0.2
2025-03-04 20:08:50,811 [INFO] ThirdParty:1030 - CMSIS Pack Vendor :WES I-CUBE-Cesium 1.3.0
2025-03-04 20:08:50,812 [INFO] ThirdParty:1030 - CMSIS Pack Vendor :STMicroelectronics FP-ATR-ASTRA1 2.0.0
2025-03-04 20:08:50,812 [INFO] ThirdParty:1030 - CMSIS Pack Vendor :STMicroelectronics lwIP 2.1.2
2025-03-04 20:08:50,812 [INFO] ThirdParty:1030 - CMSIS Pack Vendor :STMicroelectronics X-CUBE-SFXS2LP1 4.0.0
2025-03-04 20:08:50,812 [INFO] ThirdParty:1030 - CMSIS Pack Vendor :STMicroelectronics X-CUBE-BLE2 3.3.0
2025-03-04 20:08:50,812 [INFO] ThirdParty:1030 - CMSIS Pack Vendor :STMicroelectronics X-CUBE-TOF1 3.4.2
2025-03-04 20:08:50,812 [INFO] ThirdParty:1030 - CMSIS Pack Vendor :STMicroelectronics X-CUBE-AI 9.1.0
2025-03-04 20:08:50,814 [INFO] ThirdParty:1030 - CMSIS Pack Vendor :Infineon AIROC-Wi-Fi-Bluetooth-STM32 1.6.1
2025-03-04 20:08:50,814 [INFO] ThirdParty:1030 - CMSIS Pack Vendor :STMicroelectronics PDM2PCM 3.2.0
2025-03-04 20:08:50,814 [INFO] ThirdParty:1030 - CMSIS Pack Vendor :wolfSSL I-CUBE-wolfSSH 1.4.17
2025-03-04 20:08:50,814 [INFO] ThirdParty:841 - exiting critical section [change project]
2025-03-04 20:08:52,241 [INFO] PinOutPanel:1589 - setPackage(No Configuration,No Configuration)
2025-03-04 20:08:52,245 [INFO] PinOutPanel:1589 - setPackage(STM32F767ZITx,LQFP144)
2025-03-04 20:08:54,635 [INFO] UtilMem:75 - Before build in PCC Used Memory: 936218464 Bytes (1073741824)
2025-03-04 20:08:57,611 [INFO] UtilMem:75 - After build in PCC Used Memory: 1055140160 Bytes (1073741824)
2025-03-04 20:08:57,719 [INFO] IPUIPlugin:80 - create IPUIPlugin
2025-03-04 20:08:57,720 [INFO] IPUIPlugin:80 - create IPUIPlugin
2025-03-04 20:08:57,720 [INFO] IPUIPlugin:80 - create IPUIPlugin
2025-03-04 20:08:57,720 [INFO] IPUIPlugin:80 - create IPUIPlugin
2025-03-04 20:08:57,720 [INFO] IPUIPlugin:80 - create IPUIPlugin
2025-03-04 20:08:57,720 [INFO] IPUIPlugin:80 - create IPUIPlugin
2025-03-04 20:08:57,720 [INFO] IPUIPlugin:80 - create IPUIPlugin
2025-03-04 20:08:57,720 [INFO] IPUIPlugin:80 - create IPUIPlugin
2025-03-04 20:08:57,721 [INFO] IPUIPlugin:80 - create IPUIPlugin
2025-03-04 20:08:57,721 [INFO] IPUIPlugin:80 - create IPUIPlugin
2025-03-04 20:08:57,721 [INFO] IPUIPlugin:80 - create IPUIPlugin
2025-03-04 20:08:57,721 [INFO] IPUIPlugin:80 - create IPUIPlugin
2025-03-04 20:08:57,721 [INFO] IPUIPlugin:80 - create IPUIPlugin
2025-03-04 20:08:57,721 [INFO] IPUIPlugin:80 - create IPUIPlugin
2025-03-04 20:08:57,721 [INFO] IPUIPlugin:80 - create IPUIPlugin
2025-03-04 20:08:57,722 [INFO] IPUIPlugin:80 - create IPUIPlugin
2025-03-04 20:08:57,722 [INFO] IPUIPlugin:80 - create IPUIPlugin
2025-03-04 20:08:57,722 [INFO] IPUIPlugin:80 - create IPUIPlugin
2025-03-04 20:08:57,722 [INFO] IPUIPlugin:80 - create IPUIPlugin
2025-03-04 20:08:57,722 [INFO] IPUIPlugin:80 - create IPUIPlugin
2025-03-04 20:08:57,722 [INFO] IPUIPlugin:80 - create IPUIPlugin
2025-03-04 20:08:57,722 [INFO] IPUIPlugin:80 - create IPUIPlugin
2025-03-04 20:08:57,722 [INFO] IPUIPlugin:80 - create IPUIPlugin
2025-03-04 20:08:57,723 [INFO] IPUIPlugin:80 - create IPUIPlugin
2025-03-04 20:08:57,723 [INFO] IPUIPlugin:80 - create IPUIPlugin
2025-03-04 20:08:57,724 [INFO] IPUIPlugin:80 - create IPUIPlugin
2025-03-04 20:08:57,724 [INFO] IPUIPlugin:80 - create IPUIPlugin
2025-03-04 20:08:57,725 [INFO] IPUIPlugin:80 - create IPUIPlugin
2025-03-04 20:08:57,726 [INFO] IPUIPlugin:80 - create IPUIPlugin
2025-03-04 20:08:57,727 [INFO] IPUIPlugin:80 - create IPUIPlugin
2025-03-04 20:08:57,727 [INFO] IPUIPlugin:80 - create IPUIPlugin
2025-03-04 20:08:57,728 [INFO] IPUIPlugin:80 - create IPUIPlugin
2025-03-04 20:08:57,728 [INFO] IPUIPlugin:80 - create IPUIPlugin
2025-03-04 20:08:57,729 [INFO] IPUIPlugin:80 - create IPUIPlugin
2025-03-04 20:08:57,729 [INFO] IPUIPlugin:80 - create IPUIPlugin
2025-03-04 20:08:57,730 [INFO] IPUIPlugin:80 - create IPUIPlugin
2025-03-04 20:08:57,730 [INFO] IPUIPlugin:80 - create IPUIPlugin
2025-03-04 20:08:57,731 [INFO] IPUIPlugin:80 - create IPUIPlugin
2025-03-04 20:08:57,731 [INFO] IPUIPlugin:80 - create IPUIPlugin
2025-03-04 20:08:57,732 [INFO] IPUIPlugin:80 - create IPUIPlugin
2025-03-04 20:08:57,732 [INFO] IPUIPlugin:80 - create IPUIPlugin
2025-03-04 20:08:57,733 [INFO] IPUIPlugin:80 - create IPUIPlugin
2025-03-04 20:08:57,733 [INFO] IPUIPlugin:80 - create IPUIPlugin
2025-03-04 20:08:57,734 [INFO] IPUIPlugin:80 - create IPUIPlugin
2025-03-04 20:08:57,735 [INFO] IPUIPlugin:80 - create IPUIPlugin
2025-03-04 20:08:57,735 [INFO] IPUIPlugin:80 - create IPUIPlugin
2025-03-04 20:08:57,736 [INFO] IPUIPlugin:80 - create IPUIPlugin
2025-03-04 20:08:57,736 [INFO] IPUIPlugin:80 - create IPUIPlugin
2025-03-04 20:08:57,737 [INFO] IPUIPlugin:80 - create IPUIPlugin
2025-03-04 20:08:57,737 [INFO] IPUIPlugin:80 - create IPUIPlugin
2025-03-04 20:08:57,738 [INFO] IPUIPlugin:80 - create IPUIPlugin
2025-03-04 20:08:57,739 [INFO] IPUIPlugin:80 - create IPUIPlugin
2025-03-04 20:08:57,739 [INFO] IPUIPlugin:80 - create IPUIPlugin
2025-03-04 20:08:57,740 [INFO] IPUIPlugin:80 - create IPUIPlugin
2025-03-04 20:08:57,741 [INFO] IPUIPlugin:80 - create IPUIPlugin
2025-03-04 20:08:57,742 [INFO] IPUIPlugin:80 - create IPUIPlugin
2025-03-04 20:08:57,742 [INFO] IPUIPlugin:80 - create IPUIPlugin
2025-03-04 20:08:57,743 [INFO] IPUIPlugin:80 - create IPUIPlugin
2025-03-04 20:08:57,743 [INFO] IPUIPlugin:80 - create IPUIPlugin
2025-03-04 20:08:57,744 [INFO] IPUIPlugin:80 - create IPUIPlugin
2025-03-04 20:08:57,745 [INFO] IPUIPlugin:80 - create IPUIPlugin
2025-03-04 20:08:57,745 [INFO] IPUIPlugin:80 - create IPUIPlugin
2025-03-04 20:08:57,746 [INFO] IPUIPlugin:80 - create IPUIPlugin
2025-03-04 20:08:57,747 [INFO] IPUIPlugin:80 - create IPUIPlugin
2025-03-04 20:08:57,747 [INFO] IPUIPlugin:80 - create IPUIPlugin
2025-03-04 20:08:57,748 [INFO] IPUIPlugin:80 - create IPUIPlugin
2025-03-04 20:08:57,748 [INFO] IPUIPlugin:80 - create IPUIPlugin
2025-03-04 20:08:57,749 [INFO] IPUIPlugin:80 - create IPUIPlugin
2025-03-04 20:08:57,750 [INFO] IPUIPlugin:80 - create IPUIPlugin
2025-03-04 20:08:57,751 [INFO] IPUIPlugin:80 - create IPUIPlugin
2025-03-04 20:08:57,752 [INFO] IPUIPlugin:80 - create IPUIPlugin
2025-03-04 20:08:57,753 [INFO] IPUIPlugin:80 - create IPUIPlugin
2025-03-04 20:08:57,754 [INFO] IPUIPlugin:80 - create IPUIPlugin
2025-03-04 20:08:57,755 [INFO] IPUIPlugin:80 - create IPUIPlugin
2025-03-04 20:08:57,756 [INFO] IPUIPlugin:80 - create IPUIPlugin
2025-03-04 20:08:57,757 [INFO] IPUIPlugin:80 - create IPUIPlugin
2025-03-04 20:08:57,757 [INFO] IPUIPlugin:80 - create IPUIPlugin
2025-03-04 20:08:57,758 [INFO] IPUIPlugin:80 - create IPUIPlugin
2025-03-04 20:08:57,759 [INFO] IPUIPlugin:80 - create IPUIPlugin
2025-03-04 20:08:57,994 [INFO] ApiDbMcu:508 - Load IP Config File for PDM2PCM
2025-03-04 20:08:58,016 [INFO] Can:71 - Can Add PropertyChangeListener com.st.microxplorer.plugins.ip.can.Can@742b1c9f
2025-03-04 20:08:58,503 [INFO] CADModel:165 - CPN selected for project levelSTM32F767ZIT6
2025-03-04 20:08:58,503 [INFO] CADModel:114 - Register for checkConnection events
2025-03-04 20:08:58,556 [INFO] OpenFileManager:363 - Restore cursor
2025-03-04 21:45:44,625 [INFO] WebApp:190 - Connection lost
2025-03-04 21:45:45,016 [INFO] WebApp:187 - Connection restablished
2025-03-04 21:46:15,288 [INFO] WebApp:190 - Connection lost
2025-03-04 21:46:15,424 [INFO] WebApp:187 - Connection restablished
2025-03-04 21:46:18,074 [INFO] WebApp:190 - Connection lost
2025-03-04 21:46:18,192 [INFO] WebApp:187 - Connection restablished
2025-03-04 21:46:37,487 [ERROR] LogOutputStream:75 - [STDERR_REDIRECT] 
